mode: set
github.com/lbrines/classsphere/internal/app/auth_service.go:33.136,34.18 1 1
github.com/lbrines/classsphere/internal/app/auth_service.go:34.18,36.3 1 1
github.com/lbrines/classsphere/internal/app/auth_service.go:37.2,37.18 1 1
github.com/lbrines/classsphere/internal/app/auth_service.go:37.18,39.3 1 1
github.com/lbrines/classsphere/internal/app/auth_service.go:40.2,40.18 1 1
github.com/lbrines/classsphere/internal/app/auth_service.go:40.18,42.3 1 1
github.com/lbrines/classsphere/internal/app/auth_service.go:43.2,49.8 1 1
github.com/lbrines/classsphere/internal/app/auth_service.go:60.106,62.16 2 1
github.com/lbrines/classsphere/internal/app/auth_service.go:62.16,64.3 1 1
github.com/lbrines/classsphere/internal/app/auth_service.go:66.2,66.101 1 1
github.com/lbrines/classsphere/internal/app/auth_service.go:66.101,68.3 1 1
github.com/lbrines/classsphere/internal/app/auth_service.go:70.2,71.16 2 1
github.com/lbrines/classsphere/internal/app/auth_service.go:71.16,73.3 1 0
github.com/lbrines/classsphere/internal/app/auth_service.go:75.2,79.8 1 1
github.com/lbrines/classsphere/internal/app/auth_service.go:83.79,85.16 2 1
github.com/lbrines/classsphere/internal/app/auth_service.go:85.16,87.3 1 0
github.com/lbrines/classsphere/internal/app/auth_service.go:88.2,88.93 1 1
github.com/lbrines/classsphere/internal/app/auth_service.go:88.93,90.3 1 1
github.com/lbrines/classsphere/internal/app/auth_service.go:91.2,92.16 2 1
github.com/lbrines/classsphere/internal/app/auth_service.go:92.16,94.3 1 1
github.com/lbrines/classsphere/internal/app/auth_service.go:95.2,95.24 1 1
github.com/lbrines/classsphere/internal/app/auth_service.go:99.98,100.17 1 1
github.com/lbrines/classsphere/internal/app/auth_service.go:100.17,102.3 1 1
github.com/lbrines/classsphere/internal/app/auth_service.go:103.2,104.16 2 1
github.com/lbrines/classsphere/internal/app/auth_service.go:104.16,106.3 1 0
github.com/lbrines/classsphere/internal/app/auth_service.go:107.2,107.21 1 1
github.com/lbrines/classsphere/internal/app/auth_service.go:107.21,109.3 1 1
github.com/lbrines/classsphere/internal/app/auth_service.go:110.2,110.15 1 1
github.com/lbrines/classsphere/internal/app/auth_service.go:110.15,112.3 1 1
github.com/lbrines/classsphere/internal/app/auth_service.go:114.2,115.16 2 1
github.com/lbrines/classsphere/internal/app/auth_service.go:115.16,117.3 1 1
github.com/lbrines/classsphere/internal/app/auth_service.go:119.2,120.16 2 1
github.com/lbrines/classsphere/internal/app/auth_service.go:120.16,129.51 2 1
github.com/lbrines/classsphere/internal/app/auth_service.go:129.51,131.4 1 1
github.com/lbrines/classsphere/internal/app/auth_service.go:134.2,135.16 2 1
github.com/lbrines/classsphere/internal/app/auth_service.go:135.16,137.3 1 0
github.com/lbrines/classsphere/internal/app/auth_service.go:139.2,143.8 1 1
github.com/lbrines/classsphere/internal/app/auth_service.go:147.99,148.23 1 1
github.com/lbrines/classsphere/internal/app/auth_service.go:148.23,150.3 1 1
github.com/lbrines/classsphere/internal/app/auth_service.go:152.2,153.97 2 1
github.com/lbrines/classsphere/internal/app/auth_service.go:153.97,155.3 1 1
github.com/lbrines/classsphere/internal/app/auth_service.go:156.2,156.16 1 1
github.com/lbrines/classsphere/internal/app/auth_service.go:156.16,158.3 1 1
github.com/lbrines/classsphere/internal/app/auth_service.go:160.2,161.16 2 1
github.com/lbrines/classsphere/internal/app/auth_service.go:161.16,163.3 1 1
github.com/lbrines/classsphere/internal/app/auth_service.go:164.2,164.18 1 1
github.com/lbrines/classsphere/internal/app/auth_service.go:167.82,177.16 4 1
github.com/lbrines/classsphere/internal/app/auth_service.go:177.16,179.3 1 0
github.com/lbrines/classsphere/internal/app/auth_service.go:180.2,180.30 1 1
github.com/lbrines/classsphere/internal/app/auth_service.go:183.38,185.42 2 1
github.com/lbrines/classsphere/internal/app/auth_service.go:185.42,187.3 1 0
github.com/lbrines/classsphere/internal/app/auth_service.go:188.2,188.55 1 1
github.com/lbrines/classsphere/internal/app/auth_service.go:192.55,193.15 1 1
github.com/lbrines/classsphere/internal/app/auth_service.go:193.15,195.3 1 1
github.com/lbrines/classsphere/internal/app/classroom_service.go:32.111,33.25 1 1
github.com/lbrines/classsphere/internal/app/classroom_service.go:33.25,35.3 1 0
github.com/lbrines/classsphere/internal/app/classroom_service.go:36.2,37.37 2 1
github.com/lbrines/classsphere/internal/app/classroom_service.go:37.37,38.22 1 1
github.com/lbrines/classsphere/internal/app/classroom_service.go:38.22,39.12 1 0
github.com/lbrines/classsphere/internal/app/classroom_service.go:41.3,42.27 2 1
github.com/lbrines/classsphere/internal/app/classroom_service.go:44.2,44.23 1 1
github.com/lbrines/classsphere/internal/app/classroom_service.go:44.23,46.3 1 0
github.com/lbrines/classsphere/internal/app/classroom_service.go:47.2,48.46 2 1
github.com/lbrines/classsphere/internal/app/classroom_service.go:48.46,50.70 1 0
github.com/lbrines/classsphere/internal/app/classroom_service.go:50.70,53.4 2 0
github.com/lbrines/classsphere/internal/app/classroom_service.go:53.9,54.30 1 0
github.com/lbrines/classsphere/internal/app/classroom_service.go:54.30,56.10 2 0
github.com/lbrines/classsphere/internal/app/classroom_service.go:60.2,64.8 1 1
github.com/lbrines/classsphere/internal/app/classroom_service.go:68.62,69.18 1 1
github.com/lbrines/classsphere/internal/app/classroom_service.go:69.18,71.3 1 1
github.com/lbrines/classsphere/internal/app/classroom_service.go:75.54,77.32 2 0
github.com/lbrines/classsphere/internal/app/classroom_service.go:77.32,79.3 1 0
github.com/lbrines/classsphere/internal/app/classroom_service.go:80.2,81.14 2 0
github.com/lbrines/classsphere/internal/app/classroom_service.go:85.100,87.16 2 1
github.com/lbrines/classsphere/internal/app/classroom_service.go:87.16,89.3 1 0
github.com/lbrines/classsphere/internal/app/classroom_service.go:90.2,91.16 2 1
github.com/lbrines/classsphere/internal/app/classroom_service.go:91.16,93.3 1 0
github.com/lbrines/classsphere/internal/app/classroom_service.go:95.2,96.42 2 1
github.com/lbrines/classsphere/internal/app/classroom_service.go:96.42,98.3 1 1
github.com/lbrines/classsphere/internal/app/classroom_service.go:100.2,100.42 1 1
github.com/lbrines/classsphere/internal/app/classroom_service.go:100.42,102.3 1 1
github.com/lbrines/classsphere/internal/app/classroom_service.go:104.2,108.8 1 1
github.com/lbrines/classsphere/internal/app/classroom_service.go:112.122,114.16 2 1
github.com/lbrines/classsphere/internal/app/classroom_service.go:114.16,116.3 1 0
github.com/lbrines/classsphere/internal/app/classroom_service.go:117.2,118.16 2 1
github.com/lbrines/classsphere/internal/app/classroom_service.go:118.16,120.3 1 0
github.com/lbrines/classsphere/internal/app/classroom_service.go:122.2,123.19 2 1
github.com/lbrines/classsphere/internal/app/classroom_service.go:124.24,125.44 1 1
github.com/lbrines/classsphere/internal/app/classroom_service.go:126.30,127.56 1 1
github.com/lbrines/classsphere/internal/app/classroom_service.go:128.26,129.52 1 1
github.com/lbrines/classsphere/internal/app/classroom_service.go:130.26,131.52 1 1
github.com/lbrines/classsphere/internal/app/classroom_service.go:132.10,133.71 1 0
github.com/lbrines/classsphere/internal/app/classroom_service.go:137.99,139.16 2 1
github.com/lbrines/classsphere/internal/app/classroom_service.go:139.16,141.3 1 0
github.com/lbrines/classsphere/internal/app/classroom_service.go:142.2,143.9 2 1
github.com/lbrines/classsphere/internal/app/classroom_service.go:143.9,147.3 2 0
github.com/lbrines/classsphere/internal/app/classroom_service.go:148.2,148.9 1 1
github.com/lbrines/classsphere/internal/app/classroom_service.go:148.9,150.3 1 0
github.com/lbrines/classsphere/internal/app/classroom_service.go:151.2,151.28 1 1
github.com/lbrines/classsphere/internal/app/classroom_service.go:154.75,182.42 15 1
github.com/lbrines/classsphere/internal/app/classroom_service.go:182.42,184.3 1 1
github.com/lbrines/classsphere/internal/app/classroom_service.go:186.2,195.3 1 1
github.com/lbrines/classsphere/internal/app/classroom_service.go:198.99,200.23 2 1
github.com/lbrines/classsphere/internal/app/classroom_service.go:200.23,202.3 1 0
github.com/lbrines/classsphere/internal/app/classroom_service.go:203.2,228.33 13 1
github.com/lbrines/classsphere/internal/app/classroom_service.go:228.33,230.3 1 1
github.com/lbrines/classsphere/internal/app/classroom_service.go:232.2,240.3 1 1
github.com/lbrines/classsphere/internal/app/classroom_service.go:243.95,245.23 2 1
github.com/lbrines/classsphere/internal/app/classroom_service.go:245.23,247.3 1 0
github.com/lbrines/classsphere/internal/app/classroom_service.go:249.2,271.33 10 1
github.com/lbrines/classsphere/internal/app/classroom_service.go:271.33,273.3 1 1
github.com/lbrines/classsphere/internal/app/classroom_service.go:275.2,284.3 1 1
github.com/lbrines/classsphere/internal/app/classroom_service.go:287.95,289.23 2 1
github.com/lbrines/classsphere/internal/app/classroom_service.go:289.23,291.3 1 0
github.com/lbrines/classsphere/internal/app/classroom_service.go:293.2,298.29 5 1
github.com/lbrines/classsphere/internal/app/classroom_service.go:298.29,303.3 4 1
github.com/lbrines/classsphere/internal/app/classroom_service.go:305.2,306.15 2 1
github.com/lbrines/classsphere/internal/app/classroom_service.go:306.15,309.3 2 1
github.com/lbrines/classsphere/internal/app/classroom_service.go:311.2,326.33 6 1
github.com/lbrines/classsphere/internal/app/classroom_service.go:326.33,328.3 1 1
github.com/lbrines/classsphere/internal/app/classroom_service.go:330.2,339.3 1 1
github.com/lbrines/classsphere/internal/app/classroom_service.go:342.77,354.2 1 1
github.com/lbrines/classsphere/internal/app/classroom_service.go:356.104,366.2 1 0
github.com/lbrines/classsphere/internal/app/classroom_service.go:370.50,371.31 1 1
github.com/lbrines/classsphere/internal/app/classroom_service.go:371.31,373.3 1 0
github.com/lbrines/classsphere/internal/app/classroom_service.go:374.2,374.32 1 1
github.com/lbrines/classsphere/internal/app/classroom_service.go:377.57,378.31 1 1
github.com/lbrines/classsphere/internal/app/classroom_service.go:378.31,380.3 1 0
github.com/lbrines/classsphere/internal/app/classroom_service.go:381.2,382.42 2 1
github.com/lbrines/classsphere/internal/app/classroom_service.go:382.42,385.28 3 1
github.com/lbrines/classsphere/internal/app/classroom_service.go:385.28,386.12 1 0
github.com/lbrines/classsphere/internal/app/classroom_service.go:388.3,388.48 1 1
github.com/lbrines/classsphere/internal/app/classroom_service.go:390.2,390.46 1 1
github.com/lbrines/classsphere/internal/app/classroom_service.go:393.63,394.23 1 1
github.com/lbrines/classsphere/internal/app/classroom_service.go:394.23,396.3 1 0
github.com/lbrines/classsphere/internal/app/classroom_service.go:397.2,399.33 3 1
github.com/lbrines/classsphere/internal/app/classroom_service.go:399.33,401.15 2 1
github.com/lbrines/classsphere/internal/app/classroom_service.go:401.15,404.4 2 1
github.com/lbrines/classsphere/internal/app/classroom_service.go:406.2,406.16 1 1
github.com/lbrines/classsphere/internal/app/classroom_service.go:406.16,408.3 1 0
github.com/lbrines/classsphere/internal/app/classroom_service.go:409.2,409.31 1 1
github.com/lbrines/classsphere/internal/app/classroom_service.go:412.66,415.33 3 1
github.com/lbrines/classsphere/internal/app/classroom_service.go:415.33,416.49 1 1
github.com/lbrines/classsphere/internal/app/classroom_service.go:416.49,419.4 2 1
github.com/lbrines/classsphere/internal/app/classroom_service.go:421.2,421.20 1 1
github.com/lbrines/classsphere/internal/app/classroom_service.go:421.20,423.3 1 0
github.com/lbrines/classsphere/internal/app/classroom_service.go:424.2,424.53 1 1
github.com/lbrines/classsphere/internal/app/classroom_service.go:427.67,429.48 2 1
github.com/lbrines/classsphere/internal/app/classroom_service.go:429.48,430.36 1 1
github.com/lbrines/classsphere/internal/app/classroom_service.go:430.36,432.4 1 1
github.com/lbrines/classsphere/internal/app/classroom_service.go:434.2,434.14 1 1
github.com/lbrines/classsphere/internal/app/classroom_service.go:437.80,439.33 2 1
github.com/lbrines/classsphere/internal/app/classroom_service.go:439.33,441.3 1 1
github.com/lbrines/classsphere/internal/app/classroom_service.go:442.2,442.14 1 1
github.com/lbrines/classsphere/internal/app/classroom_service.go:445.61,447.33 2 1
github.com/lbrines/classsphere/internal/app/classroom_service.go:447.33,448.49 1 1
github.com/lbrines/classsphere/internal/app/classroom_service.go:448.49,450.4 1 1
github.com/lbrines/classsphere/internal/app/classroom_service.go:452.2,452.14 1 1
github.com/lbrines/classsphere/internal/app/classroom_service.go:455.51,457.33 2 1
github.com/lbrines/classsphere/internal/app/classroom_service.go:457.33,459.3 1 1
github.com/lbrines/classsphere/internal/app/classroom_service.go:460.2,460.14 1 1
github.com/lbrines/classsphere/internal/app/classroom_service.go:463.54,465.33 2 1
github.com/lbrines/classsphere/internal/app/classroom_service.go:465.33,466.43 1 1
github.com/lbrines/classsphere/internal/app/classroom_service.go:466.43,468.4 1 1
github.com/lbrines/classsphere/internal/app/classroom_service.go:470.2,470.17 1 1
github.com/lbrines/classsphere/internal/app/classroom_service.go:473.54,475.33 2 1
github.com/lbrines/classsphere/internal/app/classroom_service.go:475.33,476.98 1 1
github.com/lbrines/classsphere/internal/app/classroom_service.go:476.98,478.4 1 1
github.com/lbrines/classsphere/internal/app/classroom_service.go:480.2,480.14 1 1
github.com/lbrines/classsphere/internal/app/classroom_service.go:483.88,486.33 3 1
github.com/lbrines/classsphere/internal/app/classroom_service.go:486.33,487.56 1 1
github.com/lbrines/classsphere/internal/app/classroom_service.go:487.56,489.4 1 1
github.com/lbrines/classsphere/internal/app/classroom_service.go:491.2,491.15 1 1
github.com/lbrines/classsphere/internal/app/classroom_service.go:494.84,497.33 3 1
github.com/lbrines/classsphere/internal/app/classroom_service.go:497.33,498.43 1 1
github.com/lbrines/classsphere/internal/app/classroom_service.go:498.43,499.47 1 1
github.com/lbrines/classsphere/internal/app/classroom_service.go:499.47,501.10 2 1
github.com/lbrines/classsphere/internal/app/classroom_service.go:505.2,505.15 1 1
github.com/lbrines/classsphere/internal/app/classroom_service.go:508.112,512.33 4 1
github.com/lbrines/classsphere/internal/app/classroom_service.go:512.33,513.43 1 1
github.com/lbrines/classsphere/internal/app/classroom_service.go:513.43,514.54 1 1
github.com/lbrines/classsphere/internal/app/classroom_service.go:514.54,517.10 3 1
github.com/lbrines/classsphere/internal/app/classroom_service.go:521.2,521.32 1 1
github.com/lbrines/classsphere/internal/app/classroom_service.go:524.62,531.33 3 1
github.com/lbrines/classsphere/internal/app/classroom_service.go:531.33,532.49 1 1
github.com/lbrines/classsphere/internal/app/classroom_service.go:532.49,535.11 3 1
github.com/lbrines/classsphere/internal/app/classroom_service.go:535.11,538.5 2 1
github.com/lbrines/classsphere/internal/app/classroom_service.go:539.4,540.44 2 1
github.com/lbrines/classsphere/internal/app/classroom_service.go:543.2,544.28 2 1
github.com/lbrines/classsphere/internal/app/classroom_service.go:544.28,546.3 1 1
github.com/lbrines/classsphere/internal/app/classroom_service.go:547.2,547.40 1 1
github.com/lbrines/classsphere/internal/app/classroom_service.go:547.40,547.76 1 1
github.com/lbrines/classsphere/internal/app/classroom_service.go:549.2,553.29 4 1
github.com/lbrines/classsphere/internal/app/classroom_service.go:553.29,560.3 6 1
github.com/lbrines/classsphere/internal/app/classroom_service.go:562.2,571.3 1 1
github.com/lbrines/classsphere/internal/app/classroom_service.go:574.69,575.42 1 1
github.com/lbrines/classsphere/internal/app/classroom_service.go:575.42,577.3 1 1
github.com/lbrines/classsphere/internal/app/classroom_service.go:578.2,580.33 3 1
github.com/lbrines/classsphere/internal/app/classroom_service.go:580.33,583.3 2 1
github.com/lbrines/classsphere/internal/app/classroom_service.go:584.2,592.3 1 1
github.com/lbrines/classsphere/internal/app/classroom_service.go:595.71,597.33 2 1
github.com/lbrines/classsphere/internal/app/classroom_service.go:597.33,599.3 1 1
github.com/lbrines/classsphere/internal/app/classroom_service.go:600.2,601.30 2 1
github.com/lbrines/classsphere/internal/app/classroom_service.go:601.30,603.3 1 1
github.com/lbrines/classsphere/internal/app/classroom_service.go:604.2,606.35 3 1
github.com/lbrines/classsphere/internal/app/classroom_service.go:606.35,608.3 1 1
github.com/lbrines/classsphere/internal/app/classroom_service.go:609.2,614.3 1 1
github.com/lbrines/classsphere/internal/app/classroom_service.go:617.66,619.42 2 1
github.com/lbrines/classsphere/internal/app/classroom_service.go:619.42,619.86 1 1
github.com/lbrines/classsphere/internal/app/classroom_service.go:620.2,622.33 3 1
github.com/lbrines/classsphere/internal/app/classroom_service.go:622.33,625.49 3 1
github.com/lbrines/classsphere/internal/app/classroom_service.go:625.49,628.4 2 1
github.com/lbrines/classsphere/internal/app/classroom_service.go:629.3,631.16 3 1
github.com/lbrines/classsphere/internal/app/classroom_service.go:631.16,633.4 1 1
github.com/lbrines/classsphere/internal/app/classroom_service.go:634.3,634.77 1 1
github.com/lbrines/classsphere/internal/app/classroom_service.go:636.2,644.3 1 1
github.com/lbrines/classsphere/internal/app/classroom_service.go:647.68,649.42 2 1
github.com/lbrines/classsphere/internal/app/classroom_service.go:649.42,649.86 1 0
github.com/lbrines/classsphere/internal/app/classroom_service.go:650.2,653.33 4 1
github.com/lbrines/classsphere/internal/app/classroom_service.go:653.33,656.49 3 1
github.com/lbrines/classsphere/internal/app/classroom_service.go:656.49,659.4 2 1
github.com/lbrines/classsphere/internal/app/classroom_service.go:660.3,662.80 3 1
github.com/lbrines/classsphere/internal/app/classroom_service.go:664.2,673.3 1 1
github.com/lbrines/classsphere/internal/app/classroom_service.go:676.67,678.42 2 1
github.com/lbrines/classsphere/internal/app/classroom_service.go:678.42,678.86 1 0
github.com/lbrines/classsphere/internal/app/classroom_service.go:679.2,680.33 2 1
github.com/lbrines/classsphere/internal/app/classroom_service.go:680.33,682.31 2 1
github.com/lbrines/classsphere/internal/app/classroom_service.go:682.31,684.44 2 1
github.com/lbrines/classsphere/internal/app/classroom_service.go:684.44,686.5 1 1
github.com/lbrines/classsphere/internal/app/classroom_service.go:687.4,687.56 1 1
github.com/lbrines/classsphere/internal/app/classroom_service.go:689.3,689.71 1 1
github.com/lbrines/classsphere/internal/app/classroom_service.go:691.2,696.3 1 1
github.com/lbrines/classsphere/internal/app/classroom_service.go:699.102,702.35 3 1
github.com/lbrines/classsphere/internal/app/classroom_service.go:702.35,703.27 1 1
github.com/lbrines/classsphere/internal/app/classroom_service.go:703.27,704.12 1 0
github.com/lbrines/classsphere/internal/app/classroom_service.go:706.3,707.114 2 1
github.com/lbrines/classsphere/internal/app/classroom_service.go:709.2,717.3 1 1
github.com/lbrines/classsphere/internal/app/classroom_service.go:720.83,722.33 2 1
github.com/lbrines/classsphere/internal/app/classroom_service.go:722.33,723.49 1 1
github.com/lbrines/classsphere/internal/app/classroom_service.go:723.49,724.92 1 1
github.com/lbrines/classsphere/internal/app/classroom_service.go:724.92,726.31 2 1
github.com/lbrines/classsphere/internal/app/classroom_service.go:726.31,728.6 1 1
github.com/lbrines/classsphere/internal/app/classroom_service.go:729.5,729.28 1 1
github.com/lbrines/classsphere/internal/app/classroom_service.go:729.28,731.6 1 1
github.com/lbrines/classsphere/internal/app/classroom_service.go:732.5,738.7 1 1
github.com/lbrines/classsphere/internal/app/classroom_service.go:742.2,742.43 1 1
github.com/lbrines/classsphere/internal/app/classroom_service.go:742.43,744.3 1 0
github.com/lbrines/classsphere/internal/app/classroom_service.go:745.2,745.23 1 1
github.com/lbrines/classsphere/internal/app/classroom_service.go:745.23,747.3 1 0
github.com/lbrines/classsphere/internal/app/classroom_service.go:748.2,748.17 1 1
github.com/lbrines/classsphere/internal/app/classroom_service.go:751.64,753.23 2 1
github.com/lbrines/classsphere/internal/app/classroom_service.go:753.23,755.3 1 0
github.com/lbrines/classsphere/internal/app/classroom_service.go:756.2,756.42 1 1
github.com/lbrines/classsphere/internal/app/classroom_service.go:756.42,758.3 1 1
github.com/lbrines/classsphere/internal/app/classroom_service.go:760.2,770.33 5 1
github.com/lbrines/classsphere/internal/app/classroom_service.go:770.33,772.21 2 1
github.com/lbrines/classsphere/internal/app/classroom_service.go:772.21,775.4 2 1
github.com/lbrines/classsphere/internal/app/classroom_service.go:777.2,777.17 1 1
github.com/lbrines/classsphere/internal/app/classroom_service.go:777.17,784.3 1 1
github.com/lbrines/classsphere/internal/app/classroom_service.go:786.2,786.19 1 1
github.com/lbrines/classsphere/internal/app/classroom_service.go:789.70,790.23 1 1
github.com/lbrines/classsphere/internal/app/classroom_service.go:790.23,792.3 1 0
github.com/lbrines/classsphere/internal/app/classroom_service.go:793.2,793.42 1 1
github.com/lbrines/classsphere/internal/app/classroom_service.go:793.42,795.3 1 1
github.com/lbrines/classsphere/internal/app/classroom_service.go:796.2,803.3 1 1
github.com/lbrines/classsphere/internal/app/classroom_service.go:806.66,807.23 1 1
github.com/lbrines/classsphere/internal/app/classroom_service.go:807.23,809.3 1 0
github.com/lbrines/classsphere/internal/app/classroom_service.go:810.2,811.33 2 1
github.com/lbrines/classsphere/internal/app/classroom_service.go:811.33,812.41 1 1
github.com/lbrines/classsphere/internal/app/classroom_service.go:812.41,819.4 1 0
github.com/lbrines/classsphere/internal/app/classroom_service.go:821.2,821.19 1 1
github.com/lbrines/classsphere/internal/app/classroom_service.go:824.80,826.33 2 1
github.com/lbrines/classsphere/internal/app/classroom_service.go:826.33,828.43 2 1
github.com/lbrines/classsphere/internal/app/classroom_service.go:828.43,829.71 1 1
github.com/lbrines/classsphere/internal/app/classroom_service.go:829.71,831.18 2 1
github.com/lbrines/classsphere/internal/app/classroom_service.go:831.18,833.6 1 1
github.com/lbrines/classsphere/internal/app/classroom_service.go:834.5,834.10 1 1
github.com/lbrines/classsphere/internal/app/classroom_service.go:837.3,837.21 1 1
github.com/lbrines/classsphere/internal/app/classroom_service.go:837.21,844.4 1 0
github.com/lbrines/classsphere/internal/app/classroom_service.go:846.2,846.19 1 1
github.com/lbrines/classsphere/internal/app/classroom_service.go:849.57,851.33 2 1
github.com/lbrines/classsphere/internal/app/classroom_service.go:851.33,852.61 1 1
github.com/lbrines/classsphere/internal/app/classroom_service.go:852.61,854.4 1 0
github.com/lbrines/classsphere/internal/app/classroom_service.go:856.2,856.15 1 1
github.com/lbrines/classsphere/internal/app/classroom_service.go:859.45,861.2 1 1
github.com/lbrines/classsphere/internal/app/classroom_service.go:863.58,865.2 1 1
github.com/lbrines/classsphere/internal/app/classroom_service.go:867.44,869.9 2 1
github.com/lbrines/classsphere/internal/app/classroom_service.go:870.16,871.14 1 0
github.com/lbrines/classsphere/internal/app/classroom_service.go:872.16,873.16 1 1
github.com/lbrines/classsphere/internal/app/classroom_service.go:874.10,875.16 1 0
github.com/lbrines/classsphere/internal/app/classroom_service.go:879.57,881.9 2 1
github.com/lbrines/classsphere/internal/app/classroom_service.go:882.18,883.14 1 1
github.com/lbrines/classsphere/internal/app/classroom_service.go:884.19,885.16 1 1
github.com/lbrines/classsphere/internal/app/classroom_service.go:886.10,887.16 1 1
github.com/lbrines/classsphere/internal/app/classroom_service.go:891.51,893.9 2 1
github.com/lbrines/classsphere/internal/app/classroom_service.go:894.16,895.14 1 1
github.com/lbrines/classsphere/internal/app/classroom_service.go:896.16,897.16 1 1
github.com/lbrines/classsphere/internal/app/classroom_service.go:898.10,899.16 1 0
github.com/lbrines/classsphere/internal/app/classroom_service.go:903.71,906.2 2 1
github.com/lbrines/classsphere/internal/app/classroom_service.go:908.36,910.2 1 1
github.com/lbrines/classsphere/internal/app/classroom_service.go:912.36,914.2 1 1
github.com/lbrines/classsphere/internal/app/classroom_service.go:916.54,917.20 1 1
github.com/lbrines/classsphere/internal/app/classroom_service.go:917.20,919.3 1 0
github.com/lbrines/classsphere/internal/app/classroom_service.go:920.2,921.50 2 1
github.com/lbrines/classsphere/internal/app/user_service.go:18.71,19.18 1 1
github.com/lbrines/classsphere/internal/app/user_service.go:19.18,21.3 1 1
github.com/lbrines/classsphere/internal/app/user_service.go:22.2,22.40 1 1
github.com/lbrines/classsphere/internal/app/user_service.go:26.84,28.16 2 1
github.com/lbrines/classsphere/internal/app/user_service.go:28.16,30.3 1 1
github.com/lbrines/classsphere/internal/app/user_service.go:31.2,31.18 1 1
