mode: set
classsphere-backend/cache/redis.go:21.54,25.2 1 1
classsphere-backend/cache/redis.go:27.110,29.2 1 1
classsphere-backend/cache/redis.go:31.75,33.16 2 1
classsphere-backend/cache/redis.go:33.16,35.3 1 1
classsphere-backend/cache/redis.go:36.2,36.17 1 1
classsphere-backend/cache/redis.go:39.68,41.2 1 1
classsphere-backend/cache/redis.go:43.76,45.16 2 1
classsphere-backend/cache/redis.go:45.16,47.3 1 0
classsphere-backend/cache/redis.go:48.2,48.23 1 1
classsphere-backend/cache/redis.go:51.66,57.2 1 0
