mode: set
github.com/lbrines/classsphere/cmd/api/main.go:29.60,32.20 3 1
github.com/lbrines/classsphere/cmd/api/main.go:32.20,32.39 1 1
github.com/lbrines/classsphere/cmd/api/main.go:35.13,39.16 3 0
github.com/lbrines/classsphere/cmd/api/main.go:39.16,41.3 1 0
github.com/lbrines/classsphere/cmd/api/main.go:42.2,47.75 4 0
github.com/lbrines/classsphere/cmd/api/main.go:57.67,59.16 2 1
github.com/lbrines/classsphere/cmd/api/main.go:59.16,61.3 1 1
github.com/lbrines/classsphere/cmd/api/main.go:63.2,72.47 4 1
github.com/lbrines/classsphere/cmd/api/main.go:72.47,74.3 1 1
github.com/lbrines/classsphere/cmd/api/main.go:76.2,80.16 4 1
github.com/lbrines/classsphere/cmd/api/main.go:80.16,82.3 1 0
github.com/lbrines/classsphere/cmd/api/main.go:83.2,84.16 2 1
github.com/lbrines/classsphere/cmd/api/main.go:84.16,86.3 1 0
github.com/lbrines/classsphere/cmd/api/main.go:88.2,90.16 3 1
github.com/lbrines/classsphere/cmd/api/main.go:90.16,92.3 1 0
github.com/lbrines/classsphere/cmd/api/main.go:93.2,95.33 2 1
github.com/lbrines/classsphere/cmd/api/main.go:95.33,97.17 2 1
github.com/lbrines/classsphere/cmd/api/main.go:97.17,99.4 1 1
github.com/lbrines/classsphere/cmd/api/main.go:99.9,101.4 1 0
github.com/lbrines/classsphere/cmd/api/main.go:104.2,105.16 2 1
github.com/lbrines/classsphere/cmd/api/main.go:105.16,107.3 1 0
github.com/lbrines/classsphere/cmd/api/main.go:109.2,111.20 2 1
github.com/lbrines/classsphere/cmd/api/main.go:111.20,113.3 1 1
github.com/lbrines/classsphere/cmd/api/main.go:115.2,120.17 1 1
github.com/lbrines/classsphere/cmd/api/main.go:123.111,125.12 2 1
github.com/lbrines/classsphere/cmd/api/main.go:125.12,126.70 1 1
github.com/lbrines/classsphere/cmd/api/main.go:126.70,129.4 2 0
github.com/lbrines/classsphere/cmd/api/main.go:132.2,134.21 2 1
github.com/lbrines/classsphere/cmd/api/main.go:134.21,138.3 3 0
github.com/lbrines/classsphere/cmd/api/main.go:140.2,145.40 4 1
github.com/lbrines/classsphere/cmd/api/main.go:145.40,147.3 1 0
github.com/lbrines/classsphere/cmd/api/main.go:148.2,148.42 1 1
github.com/lbrines/classsphere/cmd/api/main.go:151.51,153.16 2 1
github.com/lbrines/classsphere/cmd/api/main.go:153.16,156.3 2 0
github.com/lbrines/classsphere/cmd/api/main.go:157.2,157.14 1 1
github.com/lbrines/classsphere/cmd/api/main.go:164.47,166.16 2 1
github.com/lbrines/classsphere/cmd/api/main.go:166.16,168.3 1 1
github.com/lbrines/classsphere/cmd/api/main.go:169.2,170.16 2 1
github.com/lbrines/classsphere/cmd/api/main.go:170.16,172.3 1 0
github.com/lbrines/classsphere/cmd/api/main.go:173.2,174.16 2 1
github.com/lbrines/classsphere/cmd/api/main.go:174.16,176.3 1 0
github.com/lbrines/classsphere/cmd/api/main.go:177.2,178.16 2 1
github.com/lbrines/classsphere/cmd/api/main.go:178.16,180.3 1 0
github.com/lbrines/classsphere/cmd/api/main.go:182.2,219.8 1 1
