mode: set
classsphere-backend/config/config.go:18.21,29.2 1 1
classsphere-backend/config/config.go:31.46,32.42 1 1
classsphere-backend/config/config.go:35.2,35.21 1 1
classsphere-backend/config/config.go:32.42,34.3 1 1
classsphere-backend/cache/redis.go:21.54,25.2 1 1
classsphere-backend/cache/redis.go:27.110,29.2 1 1
classsphere-backend/cache/redis.go:31.75,33.16 2 1
classsphere-backend/cache/redis.go:36.2,36.17 1 1
classsphere-backend/cache/redis.go:33.16,35.3 1 1
classsphere-backend/cache/redis.go:39.68,41.2 1 1
classsphere-backend/cache/redis.go:43.76,45.16 2 1
classsphere-backend/cache/redis.go:48.2,48.23 1 1
classsphere-backend/cache/redis.go:45.16,47.3 1 1
classsphere-backend/cache/redis.go:51.66,57.2 1 1
classsphere-backend/oauth/google.go:50.50,59.2 1 1
classsphere-backend/oauth/google.go:62.62,73.2 9 1
classsphere-backend/oauth/google.go:76.86,85.16 8 1
classsphere-backend/oauth/google.go:88.2,90.38 2 1
classsphere-backend/oauth/google.go:95.2,96.70 2 1
classsphere-backend/oauth/google.go:100.2,100.24 1 1
classsphere-backend/oauth/google.go:85.16,87.3 1 0
classsphere-backend/oauth/google.go:90.38,93.3 2 0
classsphere-backend/oauth/google.go:96.70,98.3 1 0
classsphere-backend/oauth/google.go:104.87,106.16 2 1
classsphere-backend/oauth/google.go:110.2,114.16 4 1
classsphere-backend/oauth/google.go:117.2,119.38 2 1
classsphere-backend/oauth/google.go:124.2,125.69 2 1
classsphere-backend/oauth/google.go:129.2,129.23 1 1
classsphere-backend/oauth/google.go:106.16,108.3 1 0
classsphere-backend/oauth/google.go:114.16,116.3 1 0
classsphere-backend/oauth/google.go:119.38,122.3 2 0
classsphere-backend/oauth/google.go:125.69,127.3 1 0
classsphere-backend/oauth/google.go:140.110,146.2 1 0
classsphere-backend/oauth/google.go:149.71,158.2 3 0
classsphere-backend/oauth/google.go:161.73,166.17 4 0
classsphere-backend/oauth/google.go:172.2,172.16 1 0
classsphere-backend/oauth/google.go:179.2,180.16 2 0
classsphere-backend/oauth/google.go:187.2,188.16 2 0
classsphere-backend/oauth/google.go:195.2,196.16 2 0
classsphere-backend/oauth/google.go:214.2,215.16 2 0
classsphere-backend/oauth/google.go:223.2,224.23 2 0
classsphere-backend/oauth/google.go:228.2,229.62 2 0
classsphere-backend/oauth/google.go:166.17,170.3 1 0
classsphere-backend/oauth/google.go:172.16,176.3 1 0
classsphere-backend/oauth/google.go:180.16,184.3 1 0
classsphere-backend/oauth/google.go:188.16,192.3 1 0
classsphere-backend/oauth/google.go:196.16,206.53 2 0
classsphere-backend/oauth/google.go:206.53,210.4 1 0
classsphere-backend/oauth/google.go:215.16,219.3 1 0
classsphere-backend/oauth/google.go:224.23,226.3 1 0
classsphere-backend/auth/password.go:11.52,14.2 2 1
classsphere-backend/auth/password.go:17.48,20.2 2 1
classsphere-backend/auth/password.go:23.54,24.23 1 1
classsphere-backend/auth/password.go:28.2,28.25 1 1
classsphere-backend/auth/password.go:33.2,36.16 3 1
classsphere-backend/auth/password.go:40.2,40.16 1 1
classsphere-backend/auth/password.go:45.2,51.37 3 1
classsphere-backend/auth/password.go:57.2,57.12 1 1
classsphere-backend/auth/password.go:24.23,26.3 1 1
classsphere-backend/auth/password.go:28.25,30.3 1 0
classsphere-backend/auth/password.go:36.16,38.3 1 1
classsphere-backend/auth/password.go:40.16,42.3 1 1
classsphere-backend/auth/password.go:51.37,52.32 1 1
classsphere-backend/auth/password.go:52.32,54.4 1 0
classsphere-backend/auth/password.go:61.57,62.16 1 0
classsphere-backend/auth/password.go:65.2,65.18 1 0
classsphere-backend/auth/password.go:69.2,74.26 3 0
classsphere-backend/auth/password.go:78.2,78.30 1 0
classsphere-backend/auth/password.go:62.16,64.3 1 0
classsphere-backend/auth/password.go:65.18,67.3 1 0
classsphere-backend/auth/password.go:74.26,76.3 1 0
classsphere-backend/auth/jwt.go:20.50,24.2 1 1
classsphere-backend/auth/jwt.go:26.97,39.2 3 1
classsphere-backend/auth/jwt.go:41.73,42.104 1 1
classsphere-backend/auth/jwt.go:49.2,49.16 1 1
classsphere-backend/auth/jwt.go:53.2,53.61 1 1
classsphere-backend/auth/jwt.go:57.2,57.41 1 0
classsphere-backend/auth/jwt.go:42.104,43.58 1 1
classsphere-backend/auth/jwt.go:46.3,46.26 1 1
classsphere-backend/auth/jwt.go:43.58,45.4 1 1
classsphere-backend/auth/jwt.go:49.16,51.3 1 1
classsphere-backend/auth/jwt.go:53.61,55.3 1 1
classsphere-backend/auth/jwt.go:60.98,62.16 2 1
classsphere-backend/auth/jwt.go:66.2,66.65 1 1
classsphere-backend/auth/jwt.go:62.16,64.3 1 1
classsphere-backend/auth/jwt.go:69.74,70.104 1 1
classsphere-backend/auth/jwt.go:77.2,77.16 1 1
classsphere-backend/auth/jwt.go:81.2,81.46 1 1
classsphere-backend/auth/jwt.go:85.2,85.48 1 0
classsphere-backend/auth/jwt.go:70.104,71.58 1 1
classsphere-backend/auth/jwt.go:74.3,74.26 1 1
classsphere-backend/auth/jwt.go:71.58,73.4 1 0
classsphere-backend/auth/jwt.go:77.16,79.3 1 1
classsphere-backend/auth/jwt.go:81.46,83.3 1 1
classsphere-backend/auth/middleware.go:11.64,12.54 1 1
classsphere-backend/auth/middleware.go:12.54,13.37 1 1
classsphere-backend/auth/middleware.go:13.37,16.24 2 1
classsphere-backend/auth/middleware.go:23.4,24.64 2 1
classsphere-backend/auth/middleware.go:31.4,33.18 3 1
classsphere-backend/auth/middleware.go:40.4,42.18 2 1
classsphere-backend/auth/middleware.go:16.24,20.5 1 1
classsphere-backend/auth/middleware.go:24.64,28.5 1 1
classsphere-backend/auth/middleware.go:33.18,37.5 1 1
classsphere-backend/auth/middleware.go:48.59,49.54 1 1
classsphere-backend/auth/middleware.go:49.54,50.37 1 1
classsphere-backend/auth/middleware.go:50.37,53.19 2 1
classsphere-backend/auth/middleware.go:60.4,61.11 2 1
classsphere-backend/auth/middleware.go:68.4,68.35 1 1
classsphere-backend/auth/middleware.go:74.4,74.18 1 1
classsphere-backend/auth/middleware.go:53.19,57.5 1 1
classsphere-backend/auth/middleware.go:61.11,65.5 1 0
classsphere-backend/auth/middleware.go:68.35,72.5 1 1
classsphere-backend/auth/middleware.go:80.53,82.17 2 0
classsphere-backend/auth/middleware.go:86.2,87.19 2 0
classsphere-backend/auth/middleware.go:82.17,84.3 1 0
classsphere-backend/database/database.go:15.59,18.16 3 1
classsphere-backend/database/database.go:23.2,24.16 2 1
classsphere-backend/database/database.go:29.2,35.16 4 1
classsphere-backend/database/database.go:18.16,20.3 1 1
classsphere-backend/database/database.go:24.16,26.3 1 0
classsphere-backend/database/database.go:39.39,41.43 2 1
classsphere-backend/database/database.go:45.2,55.29 1 1
classsphere-backend/database/database.go:41.43,43.3 1 0
classsphere-backend/database/database.go:55.29,57.4 1 1
classsphere-backend/database/database.go:62.37,67.2 1 1
classsphere-backend/database/database.go:70.64,72.16 2 1
classsphere-backend/database/database.go:76.2,77.16 2 1
classsphere-backend/database/database.go:81.2,81.16 1 1
classsphere-backend/database/database.go:72.16,74.3 1 0
classsphere-backend/database/database.go:77.16,79.3 1 0
classsphere-backend/database/database.go:85.39,87.16 2 1
classsphere-backend/database/database.go:90.2,90.22 1 1
classsphere-backend/database/database.go:87.16,89.3 1 0
classsphere-backend/database/database.go:94.37,96.16 2 0
classsphere-backend/database/database.go:99.2,99.21 1 0
classsphere-backend/database/database.go:96.16,98.3 1 0
classsphere-backend/models/user.go:23.32,25.2 1 1
classsphere-backend/models/user.go:28.31,30.2 1 1
classsphere-backend/models/user.go:33.36,35.2 1 1
classsphere-backend/models/user.go:43.53,45.2 1 1
classsphere-backend/models/user.go:48.55,50.2 1 1
classsphere-backend/models/user.go:53.70,56.16 3 1
classsphere-backend/models/user.go:59.2,59.19 1 1
classsphere-backend/models/user.go:56.16,58.3 1 1
classsphere-backend/models/user.go:63.62,66.16 3 1
classsphere-backend/models/user.go:69.2,69.19 1 1
classsphere-backend/models/user.go:66.16,68.3 1 1
classsphere-backend/models/user.go:73.55,77.16 3 1
classsphere-backend/models/user.go:82.2,83.25 2 1
classsphere-backend/models/user.go:86.2,86.12 1 1
classsphere-backend/models/user.go:77.16,79.3 1 1
classsphere-backend/models/user.go:83.25,85.3 1 0
classsphere-backend/models/user.go:90.52,92.25 2 1
classsphere-backend/models/user.go:95.2,95.30 1 1
classsphere-backend/models/user.go:98.2,98.12 1 1
classsphere-backend/models/user.go:92.25,94.3 1 0
classsphere-backend/models/user.go:95.30,97.3 1 1
classsphere-backend/models/user.go:102.72,110.2 3 1
classsphere-backend/models/user.go:113.56,117.2 3 0
classsphere-backend/models/user.go:120.56,122.25 2 0
classsphere-backend/models/user.go:125.2,125.30 1 0
classsphere-backend/models/user.go:128.2,128.12 1 0
classsphere-backend/models/user.go:122.25,124.3 1 0
classsphere-backend/models/user.go:125.30,127.3 1 0
classsphere-backend/models/user.go:132.54,134.25 2 0
classsphere-backend/models/user.go:137.2,137.30 1 0
classsphere-backend/models/user.go:140.2,140.12 1 0
classsphere-backend/models/user.go:134.25,136.3 1 0
classsphere-backend/models/user.go:137.30,139.3 1 0
classsphere-backend/main.go:19.13,25.16 3 0
classsphere-backend/main.go:30.2,88.16 32 0
classsphere-backend/main.go:92.2,93.37 2 0
classsphere-backend/main.go:25.16,27.3 1 0
classsphere-backend/main.go:88.16,90.3 1 0
classsphere-backend/main.go:96.42,102.2 1 1
classsphere-backend/main.go:104.41,110.2 1 1
classsphere-backend/main.go:112.32,117.2 4 1
classsphere-backend/handlers/auth.go:22.96,27.2 1 1
classsphere-backend/handlers/auth.go:76.54,78.37 2 1
classsphere-backend/handlers/auth.go:83.2,83.55 1 1
classsphere-backend/handlers/auth.go:88.2,89.39 2 1
classsphere-backend/handlers/auth.go:94.2,95.16 2 1
classsphere-backend/handlers/auth.go:100.2,108.52 2 1
classsphere-backend/handlers/auth.go:113.2,114.16 2 1
classsphere-backend/handlers/auth.go:118.2,129.45 2 1
classsphere-backend/handlers/auth.go:78.37,80.3 1 0
classsphere-backend/handlers/auth.go:83.55,85.3 1 1
classsphere-backend/handlers/auth.go:89.39,91.3 1 1
classsphere-backend/handlers/auth.go:95.16,97.3 1 0
classsphere-backend/handlers/auth.go:108.52,110.3 1 0
classsphere-backend/handlers/auth.go:114.16,116.3 1 0
classsphere-backend/handlers/auth.go:133.51,135.37 2 1
classsphere-backend/handlers/auth.go:140.2,140.52 1 1
classsphere-backend/handlers/auth.go:145.2,146.16 2 1
classsphere-backend/handlers/auth.go:151.2,151.54 1 1
classsphere-backend/handlers/auth.go:156.2,157.16 2 1
classsphere-backend/handlers/auth.go:161.2,172.40 2 1
classsphere-backend/handlers/auth.go:135.37,137.3 1 0
classsphere-backend/handlers/auth.go:140.52,142.3 1 1
classsphere-backend/handlers/auth.go:146.16,148.3 1 1
classsphere-backend/handlers/auth.go:151.54,153.3 1 1
classsphere-backend/handlers/auth.go:157.16,159.3 1 0
classsphere-backend/handlers/auth.go:176.56,179.9 2 1
classsphere-backend/handlers/auth.go:184.2,185.16 2 1
classsphere-backend/handlers/auth.go:190.2,191.16 2 1
classsphere-backend/handlers/auth.go:195.2,203.40 2 1
classsphere-backend/handlers/auth.go:179.9,181.3 1 1
classsphere-backend/handlers/auth.go:185.16,187.3 1 0
classsphere-backend/handlers/auth.go:191.16,193.3 1 0
classsphere-backend/handlers/auth.go:207.58,209.37 2 1
classsphere-backend/handlers/auth.go:214.2,215.16 2 1
classsphere-backend/handlers/auth.go:219.2,223.40 2 1
classsphere-backend/handlers/auth.go:209.37,211.3 1 0
classsphere-backend/handlers/auth.go:215.16,217.3 1 1
classsphere-backend/handlers/auth.go:227.74,228.21 1 1
classsphere-backend/handlers/auth.go:232.2,232.32 1 1
classsphere-backend/handlers/auth.go:236.2,236.20 1 1
classsphere-backend/handlers/auth.go:240.2,240.23 1 1
classsphere-backend/handlers/auth.go:245.2,245.68 1 1
classsphere-backend/handlers/auth.go:249.2,249.12 1 1
classsphere-backend/handlers/auth.go:228.21,230.3 1 1
classsphere-backend/handlers/auth.go:232.32,234.3 1 1
classsphere-backend/handlers/auth.go:236.20,238.3 1 1
classsphere-backend/handlers/auth.go:240.23,242.3 1 0
classsphere-backend/handlers/auth.go:245.68,247.3 1 1
classsphere-backend/handlers/auth.go:252.68,253.21 1 1
classsphere-backend/handlers/auth.go:257.2,257.24 1 1
classsphere-backend/handlers/auth.go:261.2,261.12 1 1
classsphere-backend/handlers/auth.go:253.21,255.3 1 1
classsphere-backend/handlers/auth.go:257.24,259.3 1 1
classsphere-backend/handlers/auth.go:264.55,267.2 2 1
classsphere-backend/handlers/auth.go:270.52,272.37 2 0
classsphere-backend/handlers/auth.go:277.2,278.16 2 0
classsphere-backend/handlers/auth.go:288.2,292.4 1 0
classsphere-backend/handlers/auth.go:272.37,274.3 1 0
classsphere-backend/handlers/auth.go:278.16,280.3 1 0
classsphere-backend/handlers/dashboard.go:18.77,22.2 1 0
classsphere-backend/handlers/dashboard.go:25.70,28.17 2 0
classsphere-backend/handlers/dashboard.go:32.2,33.9 2 0
classsphere-backend/handlers/dashboard.go:37.2,41.16 3 0
classsphere-backend/handlers/dashboard.go:46.2,47.16 2 0
classsphere-backend/handlers/dashboard.go:52.2,98.45 2 0
classsphere-backend/handlers/dashboard.go:28.17,30.3 1 0
classsphere-backend/handlers/dashboard.go:33.9,35.3 1 0
classsphere-backend/handlers/dashboard.go:41.16,43.3 1 0
classsphere-backend/handlers/dashboard.go:47.16,49.3 1 0
classsphere-backend/handlers/dashboard.go:102.70,105.17 2 0
classsphere-backend/handlers/dashboard.go:109.2,110.9 2 0
classsphere-backend/handlers/dashboard.go:114.2,118.16 3 0
classsphere-backend/handlers/dashboard.go:123.2,124.16 2 0
classsphere-backend/handlers/dashboard.go:129.2,176.45 2 0
classsphere-backend/handlers/dashboard.go:105.17,107.3 1 0
classsphere-backend/handlers/dashboard.go:110.9,112.3 1 0
classsphere-backend/handlers/dashboard.go:118.16,120.3 1 0
classsphere-backend/handlers/dashboard.go:124.16,126.3 1 0
classsphere-backend/handlers/dashboard.go:180.74,183.17 2 0
classsphere-backend/handlers/dashboard.go:187.2,188.9 2 0
classsphere-backend/handlers/dashboard.go:192.2,196.16 3 0
classsphere-backend/handlers/dashboard.go:201.2,202.16 2 0
classsphere-backend/handlers/dashboard.go:207.2,253.45 2 0
classsphere-backend/handlers/dashboard.go:183.17,185.3 1 0
classsphere-backend/handlers/dashboard.go:188.9,190.3 1 0
classsphere-backend/handlers/dashboard.go:196.16,198.3 1 0
classsphere-backend/handlers/dashboard.go:202.16,204.3 1 0
classsphere-backend/handlers/dashboard.go:257.68,260.17 2 0
classsphere-backend/handlers/dashboard.go:264.2,265.9 2 0
classsphere-backend/handlers/dashboard.go:269.2,273.16 3 0
classsphere-backend/handlers/dashboard.go:278.2,279.16 2 0
classsphere-backend/handlers/dashboard.go:284.2,285.16 2 0
classsphere-backend/handlers/dashboard.go:290.2,339.45 2 0
classsphere-backend/handlers/dashboard.go:260.17,262.3 1 0
classsphere-backend/handlers/dashboard.go:265.9,267.3 1 0
classsphere-backend/handlers/dashboard.go:273.16,275.3 1 0
classsphere-backend/handlers/dashboard.go:279.16,281.3 1 0
classsphere-backend/handlers/dashboard.go:285.16,287.3 1 0
