mode: set
github.com/lbrines/classsphere/internal/domain/role.go:23.33,25.39 2 1
github.com/lbrines/classsphere/internal/domain/role.go:25.39,27.3 1 1
github.com/lbrines/classsphere/internal/domain/role.go:28.2,28.13 1 1
github.com/lbrines/classsphere/internal/domain/role.go:32.40,34.2 1 1
github.com/lbrines/classsphere/internal/domain/role.go:37.30,40.2 2 1
github.com/lbrines/classsphere/internal/domain/user.go:17.45,19.2 1 1
github.com/lbrines/classsphere/internal/adapters/oauth/google_oauth.go:28.94,48.27 3 1
github.com/lbrines/classsphere/internal/adapters/oauth/google_oauth.go:48.27,50.3 1 1
github.com/lbrines/classsphere/internal/adapters/oauth/google_oauth.go:52.2,52.20 1 1
github.com/lbrines/classsphere/internal/adapters/oauth/google_oauth.go:56.50,57.30 1 1
github.com/lbrines/classsphere/internal/adapters/oauth/google_oauth.go:57.30,58.17 1 1
github.com/lbrines/classsphere/internal/adapters/oauth/google_oauth.go:58.17,60.4 1 1
github.com/lbrines/classsphere/internal/adapters/oauth/google_oauth.go:65.51,66.30 1 1
github.com/lbrines/classsphere/internal/adapters/oauth/google_oauth.go:66.30,67.20 1 1
github.com/lbrines/classsphere/internal/adapters/oauth/google_oauth.go:67.20,69.4 1 1
github.com/lbrines/classsphere/internal/adapters/oauth/google_oauth.go:74.41,75.30 1 1
github.com/lbrines/classsphere/internal/adapters/oauth/google_oauth.go:75.30,76.16 1 1
github.com/lbrines/classsphere/internal/adapters/oauth/google_oauth.go:76.16,78.4 1 1
github.com/lbrines/classsphere/internal/adapters/oauth/google_oauth.go:83.61,84.17 1 1
github.com/lbrines/classsphere/internal/adapters/oauth/google_oauth.go:84.17,86.3 1 1
github.com/lbrines/classsphere/internal/adapters/oauth/google_oauth.go:87.2,87.67 1 1
github.com/lbrines/classsphere/internal/adapters/oauth/google_oauth.go:91.91,92.16 1 1
github.com/lbrines/classsphere/internal/adapters/oauth/google_oauth.go:92.16,94.3 1 1
github.com/lbrines/classsphere/internal/adapters/oauth/google_oauth.go:96.2,97.16 2 1
github.com/lbrines/classsphere/internal/adapters/oauth/google_oauth.go:97.16,99.3 1 1
github.com/lbrines/classsphere/internal/adapters/oauth/google_oauth.go:101.2,107.16 2 1
github.com/lbrines/classsphere/internal/adapters/oauth/google_oauth.go:107.16,109.3 1 1
github.com/lbrines/classsphere/internal/adapters/oauth/google_oauth.go:111.2,111.20 1 1
github.com/lbrines/classsphere/internal/adapters/oauth/google_oauth.go:111.20,112.51 1 1
github.com/lbrines/classsphere/internal/adapters/oauth/google_oauth.go:112.51,114.4 1 1
github.com/lbrines/classsphere/internal/adapters/oauth/google_oauth.go:115.3,115.87 1 0
github.com/lbrines/classsphere/internal/adapters/oauth/google_oauth.go:118.2,119.9 2 1
github.com/lbrines/classsphere/internal/adapters/oauth/google_oauth.go:119.9,121.3 1 0
github.com/lbrines/classsphere/internal/adapters/oauth/google_oauth.go:123.2,127.8 1 1
github.com/lbrines/classsphere/internal/adapters/oauth/google_oauth.go:141.37,142.14 1 1
github.com/lbrines/classsphere/internal/adapters/oauth/google_oauth.go:142.14,144.3 1 0
github.com/lbrines/classsphere/internal/adapters/oauth/google_oauth.go:145.2,145.25 1 1
github.com/lbrines/classsphere/internal/adapters/oauth/google_oauth.go:145.25,147.3 1 1
github.com/lbrines/classsphere/internal/adapters/oauth/google_oauth.go:148.2,148.15 1 1
github.com/lbrines/classsphere/internal/adapters/cache/redis_cache.go:16.62,18.2 1 1
github.com/lbrines/classsphere/internal/adapters/cache/redis_cache.go:20.95,22.2 1 1
github.com/lbrines/classsphere/internal/adapters/cache/redis_cache.go:24.75,27.22 3 1
github.com/lbrines/classsphere/internal/adapters/cache/redis_cache.go:27.22,29.3 1 1
github.com/lbrines/classsphere/internal/adapters/cache/redis_cache.go:30.2,30.19 1 1
github.com/lbrines/classsphere/internal/adapters/cache/redis_cache.go:33.68,35.2 1 1
github.com/lbrines/classsphere/internal/adapters/cache/redis_cache.go:37.54,39.2 1 1
github.com/lbrines/classsphere/internal/adapters/cache/redis_cache.go:41.36,43.2 1 1
github.com/lbrines/classsphere/internal/adapters/repo/memory_repo.go:19.72,24.28 2 1
github.com/lbrines/classsphere/internal/adapters/repo/memory_repo.go:24.28,26.3 1 1
github.com/lbrines/classsphere/internal/adapters/repo/memory_repo.go:27.2,27.13 1 1
github.com/lbrines/classsphere/internal/adapters/repo/memory_repo.go:30.55,33.2 2 1
github.com/lbrines/classsphere/internal/adapters/repo/memory_repo.go:36.98,39.38 3 1
github.com/lbrines/classsphere/internal/adapters/repo/memory_repo.go:39.38,41.3 1 1
github.com/lbrines/classsphere/internal/adapters/repo/memory_repo.go:42.2,42.46 1 0
github.com/lbrines/classsphere/internal/adapters/repo/memory_repo.go:46.92,49.32 3 1
github.com/lbrines/classsphere/internal/adapters/repo/memory_repo.go:49.32,51.3 1 1
github.com/lbrines/classsphere/internal/adapters/repo/memory_repo.go:52.2,52.46 1 1
github.com/lbrines/classsphere/internal/adapters/repo/memory_repo.go:56.82,61.2 4 1
github.com/lbrines/classsphere/internal/shared/config.go:31.35,44.16 3 1
github.com/lbrines/classsphere/internal/shared/config.go:44.16,46.3 1 1
github.com/lbrines/classsphere/internal/shared/config.go:47.2,50.16 3 1
github.com/lbrines/classsphere/internal/shared/config.go:50.16,52.3 1 1
github.com/lbrines/classsphere/internal/shared/config.go:53.2,56.16 3 1
github.com/lbrines/classsphere/internal/shared/config.go:56.16,58.3 1 1
github.com/lbrines/classsphere/internal/shared/config.go:59.2,61.28 2 1
github.com/lbrines/classsphere/internal/shared/config.go:65.34,66.23 1 1
github.com/lbrines/classsphere/internal/shared/config.go:66.23,68.3 1 1
github.com/lbrines/classsphere/internal/shared/config.go:69.2,69.28 1 1
github.com/lbrines/classsphere/internal/shared/config.go:69.28,71.3 1 1
github.com/lbrines/classsphere/internal/shared/config.go:72.2,72.32 1 1
github.com/lbrines/classsphere/internal/shared/config.go:72.32,74.3 1 1
github.com/lbrines/classsphere/internal/shared/config.go:75.2,75.31 1 1
github.com/lbrines/classsphere/internal/shared/config.go:75.31,77.3 1 1
github.com/lbrines/classsphere/internal/shared/config.go:78.2,78.12 1 1
github.com/lbrines/classsphere/internal/shared/config.go:81.42,82.42 1 1
github.com/lbrines/classsphere/internal/shared/config.go:82.42,84.3 1 0
github.com/lbrines/classsphere/internal/shared/config.go:85.2,85.17 1 1
github.com/lbrines/classsphere/internal/shared/config.go:88.57,90.15 2 1
github.com/lbrines/classsphere/internal/shared/config.go:90.15,92.3 1 1
github.com/lbrines/classsphere/internal/shared/config.go:93.2,94.16 2 1
github.com/lbrines/classsphere/internal/shared/config.go:94.16,96.3 1 1
github.com/lbrines/classsphere/internal/shared/config.go:97.2,97.19 1 1
github.com/lbrines/classsphere/internal/shared/logger.go:16.28,17.23 1 1
github.com/lbrines/classsphere/internal/shared/logger.go:17.23,22.3 2 1
github.com/lbrines/classsphere/internal/shared/logger.go:23.2,23.15 1 1
github.com/lbrines/classsphere/internal/shared/logger.go:27.52,29.2 1 1
github.com/lbrines/classsphere/internal/app/auth_service.go:33.136,34.18 1 1
github.com/lbrines/classsphere/internal/app/auth_service.go:34.18,36.3 1 1
github.com/lbrines/classsphere/internal/app/auth_service.go:37.2,37.18 1 1
github.com/lbrines/classsphere/internal/app/auth_service.go:37.18,39.3 1 1
github.com/lbrines/classsphere/internal/app/auth_service.go:40.2,40.18 1 1
github.com/lbrines/classsphere/internal/app/auth_service.go:40.18,42.3 1 1
github.com/lbrines/classsphere/internal/app/auth_service.go:43.2,49.8 1 1
github.com/lbrines/classsphere/internal/app/auth_service.go:60.106,62.16 2 1
github.com/lbrines/classsphere/internal/app/auth_service.go:62.16,64.3 1 1
github.com/lbrines/classsphere/internal/app/auth_service.go:66.2,66.101 1 1
github.com/lbrines/classsphere/internal/app/auth_service.go:66.101,68.3 1 1
github.com/lbrines/classsphere/internal/app/auth_service.go:70.2,71.16 2 1
github.com/lbrines/classsphere/internal/app/auth_service.go:71.16,73.3 1 0
github.com/lbrines/classsphere/internal/app/auth_service.go:75.2,79.8 1 1
github.com/lbrines/classsphere/internal/app/auth_service.go:83.79,85.16 2 1
github.com/lbrines/classsphere/internal/app/auth_service.go:85.16,87.3 1 0
github.com/lbrines/classsphere/internal/app/auth_service.go:88.2,88.93 1 1
github.com/lbrines/classsphere/internal/app/auth_service.go:88.93,90.3 1 1
github.com/lbrines/classsphere/internal/app/auth_service.go:91.2,92.16 2 1
github.com/lbrines/classsphere/internal/app/auth_service.go:92.16,94.3 1 1
github.com/lbrines/classsphere/internal/app/auth_service.go:95.2,95.24 1 1
github.com/lbrines/classsphere/internal/app/auth_service.go:99.98,100.17 1 1
github.com/lbrines/classsphere/internal/app/auth_service.go:100.17,102.3 1 1
github.com/lbrines/classsphere/internal/app/auth_service.go:103.2,104.16 2 1
github.com/lbrines/classsphere/internal/app/auth_service.go:104.16,106.3 1 0
github.com/lbrines/classsphere/internal/app/auth_service.go:107.2,107.21 1 1
github.com/lbrines/classsphere/internal/app/auth_service.go:107.21,109.3 1 1
github.com/lbrines/classsphere/internal/app/auth_service.go:110.2,110.15 1 1
github.com/lbrines/classsphere/internal/app/auth_service.go:110.15,112.3 1 1
github.com/lbrines/classsphere/internal/app/auth_service.go:114.2,115.16 2 1
github.com/lbrines/classsphere/internal/app/auth_service.go:115.16,117.3 1 1
github.com/lbrines/classsphere/internal/app/auth_service.go:119.2,120.16 2 1
github.com/lbrines/classsphere/internal/app/auth_service.go:120.16,129.51 2 1
github.com/lbrines/classsphere/internal/app/auth_service.go:129.51,131.4 1 1
github.com/lbrines/classsphere/internal/app/auth_service.go:134.2,135.16 2 1
github.com/lbrines/classsphere/internal/app/auth_service.go:135.16,137.3 1 0
github.com/lbrines/classsphere/internal/app/auth_service.go:139.2,143.8 1 1
github.com/lbrines/classsphere/internal/app/auth_service.go:147.99,148.23 1 1
github.com/lbrines/classsphere/internal/app/auth_service.go:148.23,150.3 1 1
github.com/lbrines/classsphere/internal/app/auth_service.go:152.2,153.97 2 1
github.com/lbrines/classsphere/internal/app/auth_service.go:153.97,155.3 1 1
github.com/lbrines/classsphere/internal/app/auth_service.go:156.2,156.16 1 1
github.com/lbrines/classsphere/internal/app/auth_service.go:156.16,158.3 1 1
github.com/lbrines/classsphere/internal/app/auth_service.go:160.2,161.16 2 1
github.com/lbrines/classsphere/internal/app/auth_service.go:161.16,163.3 1 1
github.com/lbrines/classsphere/internal/app/auth_service.go:164.2,164.18 1 1
github.com/lbrines/classsphere/internal/app/auth_service.go:167.82,177.16 4 1
github.com/lbrines/classsphere/internal/app/auth_service.go:177.16,179.3 1 0
github.com/lbrines/classsphere/internal/app/auth_service.go:180.2,180.30 1 1
github.com/lbrines/classsphere/internal/app/auth_service.go:183.38,185.42 2 1
github.com/lbrines/classsphere/internal/app/auth_service.go:185.42,187.3 1 0
github.com/lbrines/classsphere/internal/app/auth_service.go:188.2,188.55 1 1
github.com/lbrines/classsphere/internal/app/auth_service.go:192.55,193.15 1 1
github.com/lbrines/classsphere/internal/app/auth_service.go:193.15,195.3 1 1
github.com/lbrines/classsphere/internal/app/user_service.go:18.71,19.18 1 1
github.com/lbrines/classsphere/internal/app/user_service.go:19.18,21.3 1 1
github.com/lbrines/classsphere/internal/app/user_service.go:22.2,22.40 1 1
github.com/lbrines/classsphere/internal/app/user_service.go:26.84,28.16 2 1
github.com/lbrines/classsphere/internal/app/user_service.go:28.16,30.3 1 1
github.com/lbrines/classsphere/internal/app/user_service.go:31.2,31.18 1 1
github.com/lbrines/classsphere/internal/adapters/http/handler.go:22.81,50.2 17 1
github.com/lbrines/classsphere/internal/adapters/http/handler.go:52.48,56.2 1 1
github.com/lbrines/classsphere/internal/adapters/http/handler.go:58.47,60.37 2 1
github.com/lbrines/classsphere/internal/adapters/http/handler.go:60.37,62.3 1 1
github.com/lbrines/classsphere/internal/adapters/http/handler.go:63.2,65.16 3 1
github.com/lbrines/classsphere/internal/adapters/http/handler.go:65.16,67.3 1 1
github.com/lbrines/classsphere/internal/adapters/http/handler.go:68.2,72.4 1 1
github.com/lbrines/classsphere/internal/adapters/http/handler.go:75.52,78.16 3 1
github.com/lbrines/classsphere/internal/adapters/http/handler.go:78.16,80.3 1 0
github.com/lbrines/classsphere/internal/adapters/http/handler.go:81.2,84.4 1 1
github.com/lbrines/classsphere/internal/adapters/http/handler.go:87.55,92.16 5 1
github.com/lbrines/classsphere/internal/adapters/http/handler.go:92.16,93.36 1 1
github.com/lbrines/classsphere/internal/adapters/http/handler.go:93.36,95.4 1 1
github.com/lbrines/classsphere/internal/adapters/http/handler.go:96.3,96.63 1 1
github.com/lbrines/classsphere/internal/adapters/http/handler.go:98.2,102.4 1 1
github.com/lbrines/classsphere/internal/adapters/http/handler.go:105.44,108.2 2 1
github.com/lbrines/classsphere/internal/adapters/http/handler.go:110.51,114.2 1 1
github.com/lbrines/classsphere/internal/adapters/http/middleware.go:19.64,20.54 1 1
github.com/lbrines/classsphere/internal/adapters/http/middleware.go:20.54,21.37 1 1
github.com/lbrines/classsphere/internal/adapters/http/middleware.go:21.37,23.20 2 1
github.com/lbrines/classsphere/internal/adapters/http/middleware.go:23.20,25.5 1 1
github.com/lbrines/classsphere/internal/adapters/http/middleware.go:27.4,28.65 2 1
github.com/lbrines/classsphere/internal/adapters/http/middleware.go:28.65,30.5 1 1
github.com/lbrines/classsphere/internal/adapters/http/middleware.go:32.4,33.18 2 1
github.com/lbrines/classsphere/internal/adapters/http/middleware.go:33.18,35.5 1 1
github.com/lbrines/classsphere/internal/adapters/http/middleware.go:37.4,38.18 2 1
github.com/lbrines/classsphere/internal/adapters/http/middleware.go:44.56,45.54 1 1
github.com/lbrines/classsphere/internal/adapters/http/middleware.go:45.54,46.37 1 1
github.com/lbrines/classsphere/internal/adapters/http/middleware.go:46.37,48.31 2 1
github.com/lbrines/classsphere/internal/adapters/http/middleware.go:48.31,50.5 1 1
github.com/lbrines/classsphere/internal/adapters/http/middleware.go:51.4,51.18 1 1
github.com/lbrines/classsphere/internal/adapters/http/middleware.go:57.46,58.66 1 1
github.com/lbrines/classsphere/internal/adapters/http/middleware.go:58.66,60.3 1 1
github.com/lbrines/classsphere/internal/adapters/http/middleware.go:61.2,61.22 1 1
github.com/lbrines/classsphere/cmd/api/main.go:28.60,31.20 3 0
github.com/lbrines/classsphere/cmd/api/main.go:31.20,31.39 1 0
github.com/lbrines/classsphere/cmd/api/main.go:34.13,38.16 3 1
github.com/lbrines/classsphere/cmd/api/main.go:38.16,40.3 1 0
github.com/lbrines/classsphere/cmd/api/main.go:41.2,46.75 4 1
github.com/lbrines/classsphere/cmd/api/main.go:56.67,58.16 2 1
github.com/lbrines/classsphere/cmd/api/main.go:58.16,60.3 1 1
github.com/lbrines/classsphere/cmd/api/main.go:62.2,71.47 4 1
github.com/lbrines/classsphere/cmd/api/main.go:71.47,73.3 1 1
github.com/lbrines/classsphere/cmd/api/main.go:75.2,79.16 4 1
github.com/lbrines/classsphere/cmd/api/main.go:79.16,81.3 1 0
github.com/lbrines/classsphere/cmd/api/main.go:82.2,83.16 2 1
github.com/lbrines/classsphere/cmd/api/main.go:83.16,85.3 1 0
github.com/lbrines/classsphere/cmd/api/main.go:87.2,89.20 2 1
github.com/lbrines/classsphere/cmd/api/main.go:89.20,91.3 1 1
github.com/lbrines/classsphere/cmd/api/main.go:93.2,98.17 1 1
github.com/lbrines/classsphere/cmd/api/main.go:101.111,103.12 2 1
github.com/lbrines/classsphere/cmd/api/main.go:103.12,104.70 1 1
github.com/lbrines/classsphere/cmd/api/main.go:104.70,107.4 2 0
github.com/lbrines/classsphere/cmd/api/main.go:110.2,112.21 2 1
github.com/lbrines/classsphere/cmd/api/main.go:112.21,116.3 3 1
github.com/lbrines/classsphere/cmd/api/main.go:118.2,123.40 4 1
github.com/lbrines/classsphere/cmd/api/main.go:123.40,125.3 1 0
github.com/lbrines/classsphere/cmd/api/main.go:126.2,126.42 1 1
github.com/lbrines/classsphere/cmd/api/main.go:129.51,131.16 2 1
github.com/lbrines/classsphere/cmd/api/main.go:131.16,134.3 2 0
github.com/lbrines/classsphere/cmd/api/main.go:135.2,135.14 1 1
github.com/lbrines/classsphere/cmd/api/main.go:142.47,144.16 2 1
github.com/lbrines/classsphere/cmd/api/main.go:144.16,146.3 1 1
github.com/lbrines/classsphere/cmd/api/main.go:147.2,148.16 2 1
github.com/lbrines/classsphere/cmd/api/main.go:148.16,150.3 1 1
github.com/lbrines/classsphere/cmd/api/main.go:152.2,171.8 1 1
