mode: set
classsphere-backend/handlers/auth.go:22.96,27.2 1 1
classsphere-backend/handlers/auth.go:76.54,78.37 2 1
classsphere-backend/handlers/auth.go:83.2,83.55 1 1
classsphere-backend/handlers/auth.go:88.2,89.39 2 1
classsphere-backend/handlers/auth.go:94.2,95.16 2 1
classsphere-backend/handlers/auth.go:100.2,108.52 2 1
classsphere-backend/handlers/auth.go:113.2,114.16 2 1
classsphere-backend/handlers/auth.go:118.2,129.45 2 1
classsphere-backend/handlers/auth.go:78.37,80.3 1 1
classsphere-backend/handlers/auth.go:83.55,85.3 1 1
classsphere-backend/handlers/auth.go:89.39,91.3 1 1
classsphere-backend/handlers/auth.go:95.16,97.3 1 0
classsphere-backend/handlers/auth.go:108.52,110.3 1 1
classsphere-backend/handlers/auth.go:114.16,116.3 1 0
classsphere-backend/handlers/auth.go:133.51,135.37 2 1
classsphere-backend/handlers/auth.go:140.2,140.52 1 1
classsphere-backend/handlers/auth.go:145.2,146.16 2 1
classsphere-backend/handlers/auth.go:151.2,151.54 1 1
classsphere-backend/handlers/auth.go:156.2,157.16 2 1
classsphere-backend/handlers/auth.go:161.2,172.40 2 1
classsphere-backend/handlers/auth.go:135.37,137.3 1 1
classsphere-backend/handlers/auth.go:140.52,142.3 1 1
classsphere-backend/handlers/auth.go:146.16,148.3 1 1
classsphere-backend/handlers/auth.go:151.54,153.3 1 0
classsphere-backend/handlers/auth.go:157.16,159.3 1 0
classsphere-backend/handlers/auth.go:176.56,179.9 2 1
classsphere-backend/handlers/auth.go:184.2,185.16 2 1
classsphere-backend/handlers/auth.go:190.2,191.16 2 1
classsphere-backend/handlers/auth.go:195.2,203.40 2 1
classsphere-backend/handlers/auth.go:179.9,181.3 1 1
classsphere-backend/handlers/auth.go:185.16,187.3 1 0
classsphere-backend/handlers/auth.go:191.16,193.3 1 1
classsphere-backend/handlers/auth.go:207.58,209.37 2 1
classsphere-backend/handlers/auth.go:214.2,215.16 2 1
classsphere-backend/handlers/auth.go:219.2,223.40 2 1
classsphere-backend/handlers/auth.go:209.37,211.3 1 1
classsphere-backend/handlers/auth.go:215.16,217.3 1 1
classsphere-backend/handlers/auth.go:227.74,228.21 1 1
classsphere-backend/handlers/auth.go:232.2,232.32 1 1
classsphere-backend/handlers/auth.go:236.2,236.20 1 1
classsphere-backend/handlers/auth.go:240.2,240.23 1 1
classsphere-backend/handlers/auth.go:245.2,245.68 1 1
classsphere-backend/handlers/auth.go:249.2,249.12 1 1
classsphere-backend/handlers/auth.go:228.21,230.3 1 1
classsphere-backend/handlers/auth.go:232.32,234.3 1 1
classsphere-backend/handlers/auth.go:236.20,238.3 1 1
classsphere-backend/handlers/auth.go:240.23,242.3 1 0
classsphere-backend/handlers/auth.go:245.68,247.3 1 1
classsphere-backend/handlers/auth.go:252.68,253.21 1 1
classsphere-backend/handlers/auth.go:257.2,257.24 1 1
classsphere-backend/handlers/auth.go:261.2,261.12 1 1
classsphere-backend/handlers/auth.go:253.21,255.3 1 1
classsphere-backend/handlers/auth.go:257.24,259.3 1 1
classsphere-backend/handlers/auth.go:264.55,267.2 2 1
classsphere-backend/handlers/auth.go:270.52,272.37 2 1
classsphere-backend/handlers/auth.go:277.2,278.16 2 1
classsphere-backend/handlers/auth.go:288.2,292.4 1 1
classsphere-backend/handlers/auth.go:272.37,274.3 1 1
classsphere-backend/handlers/auth.go:278.16,280.3 1 1
classsphere-backend/handlers/dashboard.go:36.69,40.2 1 1
classsphere-backend/handlers/dashboard.go:43.146,49.2 1 1
classsphere-backend/handlers/dashboard.go:52.70,55.17 2 1
classsphere-backend/handlers/dashboard.go:59.2,60.9 2 1
classsphere-backend/handlers/dashboard.go:64.2,68.16 3 1
classsphere-backend/handlers/dashboard.go:73.2,74.16 2 1
classsphere-backend/handlers/dashboard.go:79.2,79.55 1 1
classsphere-backend/handlers/dashboard.go:84.2,130.45 2 1
classsphere-backend/handlers/dashboard.go:55.17,57.3 1 1
classsphere-backend/handlers/dashboard.go:60.9,62.3 1 1
classsphere-backend/handlers/dashboard.go:68.16,70.3 1 1
classsphere-backend/handlers/dashboard.go:74.16,76.3 1 1
classsphere-backend/handlers/dashboard.go:79.55,81.3 1 1
classsphere-backend/handlers/dashboard.go:134.114,137.16 2 1
classsphere-backend/handlers/dashboard.go:143.2,144.33 2 1
classsphere-backend/handlers/dashboard.go:153.2,159.44 5 1
classsphere-backend/handlers/dashboard.go:180.2,227.45 3 1
classsphere-backend/handlers/dashboard.go:137.16,140.3 1 1
classsphere-backend/handlers/dashboard.go:144.33,146.17 2 1
classsphere-backend/handlers/dashboard.go:149.3,149.58 1 1
classsphere-backend/handlers/dashboard.go:146.17,147.12 1 0
classsphere-backend/handlers/dashboard.go:159.44,160.66 1 1
classsphere-backend/handlers/dashboard.go:160.66,163.35 2 1
classsphere-backend/handlers/dashboard.go:170.4,175.6 1 1
classsphere-backend/handlers/dashboard.go:163.35,164.35 1 1
classsphere-backend/handlers/dashboard.go:164.35,166.11 2 0
classsphere-backend/handlers/dashboard.go:231.99,257.2 2 1
classsphere-backend/handlers/dashboard.go:260.70,263.17 2 1
classsphere-backend/handlers/dashboard.go:267.2,268.9 2 1
classsphere-backend/handlers/dashboard.go:272.2,276.16 3 1
classsphere-backend/handlers/dashboard.go:281.2,282.16 2 1
classsphere-backend/handlers/dashboard.go:287.2,287.55 1 1
classsphere-backend/handlers/dashboard.go:292.2,292.49 1 1
classsphere-backend/handlers/dashboard.go:263.17,265.3 1 1
classsphere-backend/handlers/dashboard.go:268.9,270.3 1 1
classsphere-backend/handlers/dashboard.go:276.16,278.3 1 1
classsphere-backend/handlers/dashboard.go:282.16,284.3 1 1
classsphere-backend/handlers/dashboard.go:287.55,289.3 1 0
classsphere-backend/handlers/dashboard.go:296.74,299.17 2 1
classsphere-backend/handlers/dashboard.go:303.2,304.9 2 1
classsphere-backend/handlers/dashboard.go:308.2,312.16 3 1
classsphere-backend/handlers/dashboard.go:317.2,318.16 2 1
classsphere-backend/handlers/dashboard.go:323.2,323.55 1 1
classsphere-backend/handlers/dashboard.go:328.2,328.53 1 1
classsphere-backend/handlers/dashboard.go:299.17,301.3 1 1
classsphere-backend/handlers/dashboard.go:304.9,306.3 1 1
classsphere-backend/handlers/dashboard.go:312.16,314.3 1 1
classsphere-backend/handlers/dashboard.go:318.16,320.3 1 1
classsphere-backend/handlers/dashboard.go:323.55,325.3 1 0
classsphere-backend/handlers/dashboard.go:332.68,335.17 2 1
classsphere-backend/handlers/dashboard.go:339.2,340.9 2 1
classsphere-backend/handlers/dashboard.go:344.2,348.16 3 1
classsphere-backend/handlers/dashboard.go:353.2,354.16 2 1
classsphere-backend/handlers/dashboard.go:359.2,359.55 1 1
classsphere-backend/handlers/dashboard.go:364.2,364.47 1 1
classsphere-backend/handlers/dashboard.go:335.17,337.3 1 1
classsphere-backend/handlers/dashboard.go:340.9,342.3 1 1
classsphere-backend/handlers/dashboard.go:348.16,350.3 1 1
classsphere-backend/handlers/dashboard.go:354.16,356.3 1 1
classsphere-backend/handlers/dashboard.go:359.55,361.3 1 0
classsphere-backend/handlers/dashboard.go:368.114,370.16 2 1
classsphere-backend/handlers/dashboard.go:374.2,376.33 3 1
classsphere-backend/handlers/dashboard.go:390.2,427.45 6 1
classsphere-backend/handlers/dashboard.go:370.16,372.3 1 1
classsphere-backend/handlers/dashboard.go:376.33,378.17 2 1
classsphere-backend/handlers/dashboard.go:381.3,384.17 3 1
classsphere-backend/handlers/dashboard.go:387.3,387.58 1 1
classsphere-backend/handlers/dashboard.go:378.17,379.12 1 0
classsphere-backend/handlers/dashboard.go:384.17,385.12 1 0
classsphere-backend/handlers/dashboard.go:431.99,456.2 2 1
classsphere-backend/handlers/dashboard.go:459.118,461.16 2 1
classsphere-backend/handlers/dashboard.go:465.2,467.33 3 1
classsphere-backend/handlers/dashboard.go:481.2,518.45 6 1
classsphere-backend/handlers/dashboard.go:461.16,463.3 1 0
classsphere-backend/handlers/dashboard.go:467.33,469.17 2 1
classsphere-backend/handlers/dashboard.go:472.3,475.17 3 1
classsphere-backend/handlers/dashboard.go:478.3,478.58 1 1
classsphere-backend/handlers/dashboard.go:469.17,470.12 1 0
classsphere-backend/handlers/dashboard.go:475.17,476.12 1 0
classsphere-backend/handlers/dashboard.go:522.103,547.2 2 1
classsphere-backend/handlers/dashboard.go:550.112,552.16 2 1
classsphere-backend/handlers/dashboard.go:556.2,558.33 3 1
classsphere-backend/handlers/dashboard.go:573.2,574.16 2 1
classsphere-backend/handlers/dashboard.go:578.2,616.45 6 1
classsphere-backend/handlers/dashboard.go:552.16,554.3 1 0
classsphere-backend/handlers/dashboard.go:558.33,560.17 2 1
classsphere-backend/handlers/dashboard.go:563.3,566.17 3 1
classsphere-backend/handlers/dashboard.go:569.3,569.58 1 1
classsphere-backend/handlers/dashboard.go:560.17,561.12 1 0
classsphere-backend/handlers/dashboard.go:566.17,567.12 1 0
classsphere-backend/handlers/dashboard.go:574.16,576.3 1 0
classsphere-backend/handlers/dashboard.go:620.97,623.16 2 1
classsphere-backend/handlers/dashboard.go:627.2,652.45 2 1
classsphere-backend/handlers/dashboard.go:623.16,625.3 1 1
classsphere-backend/handlers/google.go:40.140,46.2 1 1
classsphere-backend/handlers/google.go:49.58,52.17 2 1
classsphere-backend/handlers/google.go:56.2,57.9 2 1
classsphere-backend/handlers/google.go:61.2,65.16 3 1
classsphere-backend/handlers/google.go:72.2,80.40 3 1
classsphere-backend/handlers/google.go:52.17,54.3 1 0
classsphere-backend/handlers/google.go:57.9,59.3 1 1
classsphere-backend/handlers/google.go:65.16,69.3 1 1
classsphere-backend/handlers/google.go:84.65,86.20 2 1
classsphere-backend/handlers/google.go:93.2,94.16 2 1
classsphere-backend/handlers/google.go:101.2,110.40 3 1
classsphere-backend/handlers/google.go:86.20,90.3 1 1
classsphere-backend/handlers/google.go:94.16,98.3 1 1
classsphere-backend/handlers/google.go:114.68,116.20 2 1
classsphere-backend/handlers/google.go:123.2,124.16 2 1
classsphere-backend/handlers/google.go:131.2,140.40 3 1
classsphere-backend/handlers/google.go:116.20,120.3 1 1
classsphere-backend/handlers/google.go:124.16,128.3 1 1
classsphere-backend/handlers/google.go:144.62,146.20 2 1
classsphere-backend/handlers/google.go:153.2,154.16 2 1
classsphere-backend/handlers/google.go:160.2,160.37 1 1
classsphere-backend/handlers/google.go:146.20,150.3 1 1
classsphere-backend/handlers/google.go:154.16,158.3 1 1
classsphere-backend/handlers/google.go:164.67,167.17 2 1
classsphere-backend/handlers/google.go:171.2,172.9 2 1
classsphere-backend/handlers/google.go:176.2,181.16 4 1
classsphere-backend/handlers/google.go:188.2,191.33 3 1
classsphere-backend/handlers/google.go:204.2,206.43 2 1
classsphere-backend/handlers/google.go:167.17,169.3 1 1
classsphere-backend/handlers/google.go:172.9,174.3 1 1
classsphere-backend/handlers/google.go:181.16,185.3 1 1
classsphere-backend/handlers/google.go:191.33,193.17 2 1
classsphere-backend/handlers/google.go:197.3,198.17 2 1
classsphere-backend/handlers/google.go:193.17,195.4 1 1
classsphere-backend/handlers/google.go:198.17,200.4 1 1
classsphere-backend/handlers/google.go:210.62,212.22 2 1
classsphere-backend/handlers/google.go:218.2,219.16 2 1
classsphere-backend/handlers/google.go:226.2,233.40 3 1
classsphere-backend/handlers/google.go:212.22,216.3 1 1
classsphere-backend/handlers/google.go:219.16,223.3 1 1
classsphere-backend/handlers/google.go:237.63,240.17 2 1
classsphere-backend/handlers/google.go:244.2,245.9 2 1
classsphere-backend/handlers/google.go:250.2,259.44 2 1
classsphere-backend/handlers/google.go:240.17,242.3 1 1
classsphere-backend/handlers/google.go:245.9,247.3 1 1
classsphere-backend/handlers/google.go:263.69,266.17 2 1
classsphere-backend/handlers/google.go:270.2,271.9 2 1
classsphere-backend/handlers/google.go:275.2,279.16 3 1
classsphere-backend/handlers/google.go:286.2,289.33 3 1
classsphere-backend/handlers/google.go:302.2,321.50 2 1
classsphere-backend/handlers/google.go:266.17,268.3 1 1
classsphere-backend/handlers/google.go:271.9,273.3 1 1
classsphere-backend/handlers/google.go:279.16,283.3 1 0
classsphere-backend/handlers/google.go:289.33,291.17 2 1
classsphere-backend/handlers/google.go:295.3,296.17 2 1
classsphere-backend/handlers/google.go:291.17,293.4 1 1
classsphere-backend/handlers/google.go:296.17,298.4 1 1
