mode: set
classsphere-backend/database/database.go:15.59,18.16 3 1
classsphere-backend/database/database.go:18.16,20.3 1 1
classsphere-backend/database/database.go:23.2,24.16 2 1
classsphere-backend/database/database.go:24.16,26.3 1 0
classsphere-backend/database/database.go:29.2,35.16 4 1
classsphere-backend/database/database.go:39.39,41.43 2 1
classsphere-backend/database/database.go:41.43,43.3 1 0
classsphere-backend/database/database.go:45.2,55.29 1 1
classsphere-backend/database/database.go:55.29,57.4 1 1
classsphere-backend/database/database.go:62.37,67.2 1 1
classsphere-backend/database/database.go:70.64,72.16 2 1
classsphere-backend/database/database.go:72.16,74.3 1 0
classsphere-backend/database/database.go:76.2,77.16 2 1
classsphere-backend/database/database.go:77.16,79.3 1 0
classsphere-backend/database/database.go:81.2,81.16 1 1
classsphere-backend/database/database.go:85.39,87.16 2 1
classsphere-backend/database/database.go:87.16,89.3 1 0
classsphere-backend/database/database.go:90.2,90.22 1 1
classsphere-backend/database/database.go:94.37,96.16 2 0
classsphere-backend/database/database.go:96.16,98.3 1 0
classsphere-backend/database/database.go:99.2,99.21 1 0
