mode: set
github.com/lbrines/classsphere/internal/adapters/google/classroom_service.go:32.47,33.35 1 1
github.com/lbrines/classsphere/internal/adapters/google/classroom_service.go:33.35,34.19 1 1
github.com/lbrines/classsphere/internal/adapters/google/classroom_service.go:34.19,36.4 1 1
github.com/lbrines/classsphere/internal/adapters/google/classroom_service.go:41.55,42.35 1 1
github.com/lbrines/classsphere/internal/adapters/google/classroom_service.go:42.35,44.3 1 1
github.com/lbrines/classsphere/internal/adapters/google/classroom_service.go:50.99,58.27 3 1
github.com/lbrines/classsphere/internal/adapters/google/classroom_service.go:58.27,60.3 1 1
github.com/lbrines/classsphere/internal/adapters/google/classroom_service.go:62.2,62.78 1 1
github.com/lbrines/classsphere/internal/adapters/google/classroom_service.go:62.78,63.28 1 1
github.com/lbrines/classsphere/internal/adapters/google/classroom_service.go:63.28,65.4 1 1
github.com/lbrines/classsphere/internal/adapters/google/classroom_service.go:66.3,70.17 4 1
github.com/lbrines/classsphere/internal/adapters/google/classroom_service.go:70.17,72.4 1 1
github.com/lbrines/classsphere/internal/adapters/google/classroom_service.go:73.3,73.25 1 0
github.com/lbrines/classsphere/internal/adapters/google/classroom_service.go:76.2,76.22 1 1
github.com/lbrines/classsphere/internal/adapters/google/classroom_service.go:80.42,82.2 1 1
github.com/lbrines/classsphere/internal/adapters/google/classroom_service.go:87.92,89.16 2 1
github.com/lbrines/classsphere/internal/adapters/google/classroom_service.go:90.34,95.9 1 1
github.com/lbrines/classsphere/internal/adapters/google/classroom_service.go:96.36,97.23 1 1
github.com/lbrines/classsphere/internal/adapters/google/classroom_service.go:97.23,105.4 1 1
github.com/lbrines/classsphere/internal/adapters/google/classroom_service.go:106.3,107.38 2 0
github.com/lbrines/classsphere/internal/adapters/google/classroom_service.go:107.38,114.4 1 0
github.com/lbrines/classsphere/internal/adapters/google/classroom_service.go:115.3,119.9 1 0
github.com/lbrines/classsphere/internal/adapters/google/classroom_service.go:120.10,121.79 1 1
github.com/lbrines/classsphere/internal/adapters/google/classroom_service.go:125.87,126.22 1 1
github.com/lbrines/classsphere/internal/adapters/google/classroom_service.go:126.22,128.3 1 1
github.com/lbrines/classsphere/internal/adapters/google/classroom_service.go:129.2,133.16 4 0
github.com/lbrines/classsphere/internal/adapters/google/classroom_service.go:133.16,135.3 1 0
github.com/lbrines/classsphere/internal/adapters/google/classroom_service.go:137.2,139.36 3 0
github.com/lbrines/classsphere/internal/adapters/google/classroom_service.go:139.36,140.18 1 0
github.com/lbrines/classsphere/internal/adapters/google/classroom_service.go:140.18,141.12 1 0
github.com/lbrines/classsphere/internal/adapters/google/classroom_service.go:143.3,158.5 1 0
github.com/lbrines/classsphere/internal/adapters/google/classroom_service.go:160.2,160.21 1 0
github.com/lbrines/classsphere/internal/adapters/google/mock_data.go:9.49,242.2 1 1
github.com/lbrines/classsphere/internal/adapters/google/mock_data.go:246.57,250.22 2 1
github.com/lbrines/classsphere/internal/adapters/google/mock_data.go:250.22,253.34 3 1
github.com/lbrines/classsphere/internal/adapters/google/mock_data.go:253.34,255.54 2 1
github.com/lbrines/classsphere/internal/adapters/google/mock_data.go:255.54,257.5 1 0
github.com/lbrines/classsphere/internal/adapters/google/mock_data.go:258.4,258.58 1 1
github.com/lbrines/classsphere/internal/adapters/google/mock_data.go:258.58,260.5 1 1
github.com/lbrines/classsphere/internal/adapters/google/mock_data.go:262.3,262.37 1 1
github.com/lbrines/classsphere/internal/adapters/google/mock_data.go:262.37,263.67 1 1
github.com/lbrines/classsphere/internal/adapters/google/mock_data.go:263.67,265.42 2 1
github.com/lbrines/classsphere/internal/adapters/google/mock_data.go:265.42,267.6 1 1
github.com/lbrines/classsphere/internal/adapters/google/mock_data.go:271.2,271.13 1 1
