mode: set
classsphere-backend/handlers/google.go:40.140,46.2 1 0
classsphere-backend/handlers/google.go:49.58,52.17 2 1
classsphere-backend/handlers/google.go:56.2,57.9 2 1
classsphere-backend/handlers/google.go:61.2,65.16 3 1
classsphere-backend/handlers/google.go:72.2,80.40 3 1
classsphere-backend/handlers/google.go:52.17,54.3 1 0
classsphere-backend/handlers/google.go:57.9,59.3 1 0
classsphere-backend/handlers/google.go:65.16,69.3 1 1
classsphere-backend/handlers/google.go:84.65,86.20 2 1
classsphere-backend/handlers/google.go:93.2,94.16 2 1
classsphere-backend/handlers/google.go:101.2,110.40 3 1
classsphere-backend/handlers/google.go:86.20,90.3 1 0
classsphere-backend/handlers/google.go:94.16,98.3 1 1
classsphere-backend/handlers/google.go:114.68,116.20 2 1
classsphere-backend/handlers/google.go:123.2,124.16 2 1
classsphere-backend/handlers/google.go:131.2,140.40 3 1
classsphere-backend/handlers/google.go:116.20,120.3 1 0
classsphere-backend/handlers/google.go:124.16,128.3 1 1
classsphere-backend/handlers/google.go:144.62,146.20 2 1
classsphere-backend/handlers/google.go:153.2,154.16 2 1
classsphere-backend/handlers/google.go:160.2,160.37 1 1
classsphere-backend/handlers/google.go:146.20,150.3 1 0
classsphere-backend/handlers/google.go:154.16,158.3 1 1
classsphere-backend/handlers/google.go:164.67,167.17 2 0
classsphere-backend/handlers/google.go:171.2,172.9 2 0
classsphere-backend/handlers/google.go:176.2,181.16 4 0
classsphere-backend/handlers/google.go:188.2,191.33 3 0
classsphere-backend/handlers/google.go:204.2,206.43 2 0
classsphere-backend/handlers/google.go:167.17,169.3 1 0
classsphere-backend/handlers/google.go:172.9,174.3 1 0
classsphere-backend/handlers/google.go:181.16,185.3 1 0
classsphere-backend/handlers/google.go:191.33,193.17 2 0
classsphere-backend/handlers/google.go:197.3,198.17 2 0
classsphere-backend/handlers/google.go:193.17,195.4 1 0
classsphere-backend/handlers/google.go:198.17,200.4 1 0
classsphere-backend/handlers/google.go:210.62,212.22 2 1
classsphere-backend/handlers/google.go:218.2,219.16 2 1
classsphere-backend/handlers/google.go:226.2,233.40 3 1
classsphere-backend/handlers/google.go:212.22,216.3 1 0
classsphere-backend/handlers/google.go:219.16,223.3 1 1
classsphere-backend/handlers/google.go:237.63,240.17 2 0
classsphere-backend/handlers/google.go:244.2,245.9 2 0
classsphere-backend/handlers/google.go:250.2,259.44 2 0
classsphere-backend/handlers/google.go:240.17,242.3 1 0
classsphere-backend/handlers/google.go:245.9,247.3 1 0
classsphere-backend/handlers/google.go:263.69,266.17 2 0
classsphere-backend/handlers/google.go:270.2,271.9 2 0
classsphere-backend/handlers/google.go:275.2,279.16 3 0
classsphere-backend/handlers/google.go:286.2,289.33 3 0
classsphere-backend/handlers/google.go:302.2,321.50 2 0
classsphere-backend/handlers/google.go:266.17,268.3 1 0
classsphere-backend/handlers/google.go:271.9,273.3 1 0
classsphere-backend/handlers/google.go:279.16,283.3 1 0
classsphere-backend/handlers/google.go:289.33,291.17 2 0
classsphere-backend/handlers/google.go:295.3,296.17 2 0
classsphere-backend/handlers/google.go:291.17,293.4 1 0
classsphere-backend/handlers/google.go:296.17,298.4 1 0
classsphere-backend/handlers/auth.go:22.96,27.2 1 1
classsphere-backend/handlers/auth.go:76.54,78.37 2 1
classsphere-backend/handlers/auth.go:83.2,83.55 1 1
classsphere-backend/handlers/auth.go:88.2,89.39 2 1
classsphere-backend/handlers/auth.go:94.2,95.16 2 1
classsphere-backend/handlers/auth.go:100.2,108.52 2 1
classsphere-backend/handlers/auth.go:113.2,114.16 2 1
classsphere-backend/handlers/auth.go:118.2,129.45 2 1
classsphere-backend/handlers/auth.go:78.37,80.3 1 1
classsphere-backend/handlers/auth.go:83.55,85.3 1 1
classsphere-backend/handlers/auth.go:89.39,91.3 1 1
classsphere-backend/handlers/auth.go:95.16,97.3 1 0
classsphere-backend/handlers/auth.go:108.52,110.3 1 1
classsphere-backend/handlers/auth.go:114.16,116.3 1 0
classsphere-backend/handlers/auth.go:133.51,135.37 2 1
classsphere-backend/handlers/auth.go:140.2,140.52 1 1
classsphere-backend/handlers/auth.go:145.2,146.16 2 1
classsphere-backend/handlers/auth.go:151.2,151.54 1 1
classsphere-backend/handlers/auth.go:156.2,157.16 2 1
classsphere-backend/handlers/auth.go:161.2,172.40 2 1
classsphere-backend/handlers/auth.go:135.37,137.3 1 1
classsphere-backend/handlers/auth.go:140.52,142.3 1 1
classsphere-backend/handlers/auth.go:146.16,148.3 1 1
classsphere-backend/handlers/auth.go:151.54,153.3 1 0
classsphere-backend/handlers/auth.go:157.16,159.3 1 0
classsphere-backend/handlers/auth.go:176.56,179.9 2 1
classsphere-backend/handlers/auth.go:184.2,185.16 2 1
classsphere-backend/handlers/auth.go:190.2,191.16 2 1
classsphere-backend/handlers/auth.go:195.2,203.40 2 1
classsphere-backend/handlers/auth.go:179.9,181.3 1 1
classsphere-backend/handlers/auth.go:185.16,187.3 1 0
classsphere-backend/handlers/auth.go:191.16,193.3 1 1
classsphere-backend/handlers/auth.go:207.58,209.37 2 1
classsphere-backend/handlers/auth.go:214.2,215.16 2 1
classsphere-backend/handlers/auth.go:219.2,223.40 2 1
classsphere-backend/handlers/auth.go:209.37,211.3 1 1
classsphere-backend/handlers/auth.go:215.16,217.3 1 1
classsphere-backend/handlers/auth.go:227.74,228.21 1 1
classsphere-backend/handlers/auth.go:232.2,232.32 1 1
classsphere-backend/handlers/auth.go:236.2,236.20 1 1
classsphere-backend/handlers/auth.go:240.2,240.23 1 1
classsphere-backend/handlers/auth.go:245.2,245.68 1 1
classsphere-backend/handlers/auth.go:249.2,249.12 1 1
classsphere-backend/handlers/auth.go:228.21,230.3 1 1
classsphere-backend/handlers/auth.go:232.32,234.3 1 1
classsphere-backend/handlers/auth.go:236.20,238.3 1 1
classsphere-backend/handlers/auth.go:240.23,242.3 1 0
classsphere-backend/handlers/auth.go:245.68,247.3 1 1
classsphere-backend/handlers/auth.go:252.68,253.21 1 1
classsphere-backend/handlers/auth.go:257.2,257.24 1 1
classsphere-backend/handlers/auth.go:261.2,261.12 1 1
classsphere-backend/handlers/auth.go:253.21,255.3 1 1
classsphere-backend/handlers/auth.go:257.24,259.3 1 1
classsphere-backend/handlers/auth.go:264.55,267.2 2 1
classsphere-backend/handlers/auth.go:270.52,272.37 2 1
classsphere-backend/handlers/auth.go:277.2,278.16 2 1
classsphere-backend/handlers/auth.go:288.2,292.4 1 1
classsphere-backend/handlers/auth.go:272.37,274.3 1 1
classsphere-backend/handlers/auth.go:278.16,280.3 1 1
classsphere-backend/handlers/dashboard.go:18.77,22.2 1 1
classsphere-backend/handlers/dashboard.go:25.70,28.17 2 1
classsphere-backend/handlers/dashboard.go:32.2,33.9 2 1
classsphere-backend/handlers/dashboard.go:37.2,41.16 3 1
classsphere-backend/handlers/dashboard.go:46.2,47.16 2 1
classsphere-backend/handlers/dashboard.go:52.2,98.45 2 1
classsphere-backend/handlers/dashboard.go:28.17,30.3 1 1
classsphere-backend/handlers/dashboard.go:33.9,35.3 1 1
classsphere-backend/handlers/dashboard.go:41.16,43.3 1 1
classsphere-backend/handlers/dashboard.go:47.16,49.3 1 1
classsphere-backend/handlers/dashboard.go:102.70,105.17 2 1
classsphere-backend/handlers/dashboard.go:109.2,110.9 2 1
classsphere-backend/handlers/dashboard.go:114.2,118.16 3 1
classsphere-backend/handlers/dashboard.go:123.2,124.16 2 1
classsphere-backend/handlers/dashboard.go:129.2,176.45 2 1
classsphere-backend/handlers/dashboard.go:105.17,107.3 1 1
classsphere-backend/handlers/dashboard.go:110.9,112.3 1 1
classsphere-backend/handlers/dashboard.go:118.16,120.3 1 1
classsphere-backend/handlers/dashboard.go:124.16,126.3 1 1
classsphere-backend/handlers/dashboard.go:180.74,183.17 2 1
classsphere-backend/handlers/dashboard.go:187.2,188.9 2 1
classsphere-backend/handlers/dashboard.go:192.2,196.16 3 1
classsphere-backend/handlers/dashboard.go:201.2,202.16 2 1
classsphere-backend/handlers/dashboard.go:207.2,253.45 2 1
classsphere-backend/handlers/dashboard.go:183.17,185.3 1 1
classsphere-backend/handlers/dashboard.go:188.9,190.3 1 1
classsphere-backend/handlers/dashboard.go:196.16,198.3 1 1
classsphere-backend/handlers/dashboard.go:202.16,204.3 1 1
classsphere-backend/handlers/dashboard.go:257.68,260.17 2 1
classsphere-backend/handlers/dashboard.go:264.2,265.9 2 1
classsphere-backend/handlers/dashboard.go:269.2,273.16 3 1
classsphere-backend/handlers/dashboard.go:278.2,279.16 2 1
classsphere-backend/handlers/dashboard.go:284.2,285.16 2 1
classsphere-backend/handlers/dashboard.go:290.2,339.45 2 1
classsphere-backend/handlers/dashboard.go:260.17,262.3 1 1
classsphere-backend/handlers/dashboard.go:265.9,267.3 1 1
classsphere-backend/handlers/dashboard.go:273.16,275.3 1 1
classsphere-backend/handlers/dashboard.go:279.16,281.3 1 1
classsphere-backend/handlers/dashboard.go:285.16,287.3 1 0
