mode: set
classsphere-backend/models/user.go:23.32,25.2 1 1
classsphere-backend/models/user.go:28.31,30.2 1 1
classsphere-backend/models/user.go:33.36,35.2 1 1
classsphere-backend/models/user.go:43.53,45.2 1 1
classsphere-backend/models/user.go:48.55,50.2 1 1
classsphere-backend/models/user.go:53.70,56.16 3 1
classsphere-backend/models/user.go:56.16,58.3 1 1
classsphere-backend/models/user.go:59.2,59.19 1 1
classsphere-backend/models/user.go:63.62,66.16 3 1
classsphere-backend/models/user.go:66.16,68.3 1 1
classsphere-backend/models/user.go:69.2,69.19 1 1
classsphere-backend/models/user.go:73.55,77.16 3 1
classsphere-backend/models/user.go:77.16,79.3 1 1
classsphere-backend/models/user.go:82.2,83.25 2 1
classsphere-backend/models/user.go:83.25,85.3 1 0
classsphere-backend/models/user.go:86.2,86.12 1 1
classsphere-backend/models/user.go:90.52,92.25 2 1
classsphere-backend/models/user.go:92.25,94.3 1 0
classsphere-backend/models/user.go:95.2,95.30 1 1
classsphere-backend/models/user.go:95.30,97.3 1 1
classsphere-backend/models/user.go:98.2,98.12 1 1
classsphere-backend/models/user.go:102.72,110.2 3 1
classsphere-backend/models/user.go:113.56,117.2 3 0
classsphere-backend/models/user.go:120.56,122.25 2 0
classsphere-backend/models/user.go:122.25,124.3 1 0
classsphere-backend/models/user.go:125.2,125.30 1 0
classsphere-backend/models/user.go:125.30,127.3 1 0
classsphere-backend/models/user.go:128.2,128.12 1 0
classsphere-backend/models/user.go:132.54,134.25 2 0
classsphere-backend/models/user.go:134.25,136.3 1 0
classsphere-backend/models/user.go:137.2,137.30 1 0
classsphere-backend/models/user.go:137.30,139.3 1 0
classsphere-backend/models/user.go:140.2,140.12 1 0
