mode: set
classsphere-backend/oauth/google.go:50.50,59.2 1 1
classsphere-backend/oauth/google.go:62.62,73.2 9 1
classsphere-backend/oauth/google.go:76.86,85.16 8 1
classsphere-backend/oauth/google.go:88.2,90.38 2 1
classsphere-backend/oauth/google.go:95.2,96.70 2 0
classsphere-backend/oauth/google.go:100.2,100.24 1 0
classsphere-backend/oauth/google.go:85.16,87.3 1 1
classsphere-backend/oauth/google.go:90.38,93.3 2 1
classsphere-backend/oauth/google.go:96.70,98.3 1 0
classsphere-backend/oauth/google.go:104.87,106.16 2 1
classsphere-backend/oauth/google.go:110.2,114.16 4 1
classsphere-backend/oauth/google.go:117.2,119.38 2 1
classsphere-backend/oauth/google.go:124.2,125.69 2 0
classsphere-backend/oauth/google.go:129.2,129.23 1 0
classsphere-backend/oauth/google.go:106.16,108.3 1 0
classsphere-backend/oauth/google.go:114.16,116.3 1 1
classsphere-backend/oauth/google.go:119.38,122.3 2 1
classsphere-backend/oauth/google.go:125.69,127.3 1 0
classsphere-backend/oauth/google.go:140.110,146.2 1 1
classsphere-backend/oauth/google.go:149.71,158.2 3 1
classsphere-backend/oauth/google.go:161.73,166.17 4 1
classsphere-backend/oauth/google.go:172.2,172.16 1 1
classsphere-backend/oauth/google.go:179.2,180.16 2 1
classsphere-backend/oauth/google.go:187.2,188.16 2 0
classsphere-backend/oauth/google.go:195.2,196.16 2 0
classsphere-backend/oauth/google.go:214.2,215.16 2 0
classsphere-backend/oauth/google.go:223.2,224.23 2 0
classsphere-backend/oauth/google.go:228.2,229.62 2 0
classsphere-backend/oauth/google.go:166.17,170.3 1 1
classsphere-backend/oauth/google.go:172.16,176.3 1 1
classsphere-backend/oauth/google.go:180.16,184.3 1 1
classsphere-backend/oauth/google.go:188.16,192.3 1 0
classsphere-backend/oauth/google.go:196.16,206.53 2 0
classsphere-backend/oauth/google.go:206.53,210.4 1 0
classsphere-backend/oauth/google.go:215.16,219.3 1 0
classsphere-backend/oauth/google.go:224.23,226.3 1 0
