mode: set
classsphere-backend/services/google.go:52.77,57.2 1 1
classsphere-backend/services/google.go:60.60,62.2 1 1
classsphere-backend/services/google.go:65.79,66.16 1 1
classsphere-backend/services/google.go:73.2,73.21 1 1
classsphere-backend/services/google.go:77.2,77.37 1 1
classsphere-backend/services/google.go:66.16,71.3 4 1
classsphere-backend/services/google.go:73.21,75.3 1 1
classsphere-backend/services/google.go:81.83,82.16 1 1
classsphere-backend/services/google.go:86.2,86.21 1 1
classsphere-backend/services/google.go:90.2,90.40 1 1
classsphere-backend/services/google.go:82.16,84.3 1 1
classsphere-backend/services/google.go:86.21,88.3 1 1
classsphere-backend/services/google.go:94.89,95.16 1 1
classsphere-backend/services/google.go:99.2,99.21 1 1
classsphere-backend/services/google.go:103.2,103.43 1 1
classsphere-backend/services/google.go:95.16,97.3 1 1
classsphere-backend/services/google.go:99.21,101.3 1 1
classsphere-backend/services/google.go:107.60,155.2 1 1
classsphere-backend/services/google.go:158.62,209.2 1 1
classsphere-backend/services/google.go:212.68,265.2 2 1
classsphere-backend/services/google.go:268.59,270.23 2 1
classsphere-backend/services/google.go:274.2,275.41 2 1
classsphere-backend/services/google.go:270.23,272.3 1 0
classsphere-backend/services/google.go:279.61,281.24 2 1
classsphere-backend/services/google.go:285.2,286.43 2 1
classsphere-backend/services/google.go:281.24,283.3 1 0
classsphere-backend/services/google.go:290.67,292.27 2 1
classsphere-backend/services/google.go:296.2,297.49 2 1
classsphere-backend/services/google.go:292.27,294.3 1 0
classsphere-backend/services/google.go:301.98,304.16 2 1
classsphere-backend/services/google.go:309.2,310.16 2 1
classsphere-backend/services/google.go:315.2,324.41 2 1
classsphere-backend/services/google.go:332.2,332.19 1 1
classsphere-backend/services/google.go:304.16,306.3 1 1
classsphere-backend/services/google.go:310.16,312.3 1 0
classsphere-backend/services/google.go:324.41,325.38 1 1
classsphere-backend/services/google.go:325.38,327.4 1 1
classsphere-backend/services/google.go:327.9,329.4 1 1
classsphere-backend/services/metrics.go:11.42,13.2 1 1
classsphere-backend/services/metrics.go:48.81,51.23 2 1
classsphere-backend/services/metrics.go:55.2,58.33 2 1
classsphere-backend/services/metrics.go:68.2,74.16 4 1
classsphere-backend/services/metrics.go:51.23,53.3 1 1
classsphere-backend/services/metrics.go:58.33,59.37 1 1
classsphere-backend/services/metrics.go:59.37,61.4 1 1
classsphere-backend/services/metrics.go:61.9,61.46 1 1
classsphere-backend/services/metrics.go:61.46,63.4 1 1
classsphere-backend/services/metrics.go:78.85,81.24 2 1
classsphere-backend/services/metrics.go:85.2,88.16 3 1
classsphere-backend/services/metrics.go:81.24,83.3 1 1
classsphere-backend/services/metrics.go:92.97,95.27 2 1
classsphere-backend/services/metrics.go:99.2,104.41 3 1
classsphere-backend/services/metrics.go:114.2,117.34 2 1
classsphere-backend/services/metrics.go:121.2,121.16 1 1
classsphere-backend/services/metrics.go:95.27,97.3 1 1
classsphere-backend/services/metrics.go:104.41,105.38 1 1
classsphere-backend/services/metrics.go:111.3,111.38 1 1
classsphere-backend/services/metrics.go:105.38,107.4 1 1
classsphere-backend/services/metrics.go:107.9,107.41 1 1
classsphere-backend/services/metrics.go:107.41,109.4 1 1
classsphere-backend/services/metrics.go:117.34,119.3 1 1
classsphere-backend/services/metrics.go:125.127,131.2 1 1
classsphere-backend/services/metrics.go:134.149,143.14 3 1
classsphere-backend/services/metrics.go:174.2,174.20 1 1
classsphere-backend/services/metrics.go:144.17,150.4 1 1
classsphere-backend/services/metrics.go:151.17,157.4 1 1
classsphere-backend/services/metrics.go:158.21,164.4 1 1
classsphere-backend/services/metrics.go:165.15,171.4 1 1
classsphere-backend/services/metrics.go:179.80,182.2 1 1
classsphere-backend/services/metrics.go:184.82,187.2 1 1
classsphere-backend/services/metrics.go:189.79,192.2 1 1
classsphere-backend/services/metrics.go:194.75,197.2 1 1
classsphere-backend/services/metrics.go:199.65,201.23 1 1
classsphere-backend/services/metrics.go:204.2,204.52 1 1
classsphere-backend/services/metrics.go:201.23,203.3 1 1
classsphere-backend/services/metrics.go:207.68,210.2 1 1
classsphere-backend/services/metrics.go:213.135,225.2 1 1
classsphere-backend/services/metrics.go:227.84,230.2 1 1
classsphere-backend/services/metrics.go:232.58,235.2 1 1
classsphere-backend/services/metrics.go:237.97,239.45 1 1
classsphere-backend/services/metrics.go:244.2,247.24 2 1
classsphere-backend/services/metrics.go:251.2,251.41 1 1
classsphere-backend/services/metrics.go:239.45,241.3 1 1
classsphere-backend/services/metrics.go:247.24,249.3 1 0
classsphere-backend/services/metrics.go:254.87,256.27 1 1
classsphere-backend/services/metrics.go:260.2,261.41 2 1
classsphere-backend/services/metrics.go:266.2,270.26 3 1
classsphere-backend/services/metrics.go:274.2,274.43 1 1
classsphere-backend/services/metrics.go:256.27,258.3 1 1
classsphere-backend/services/metrics.go:261.41,263.3 1 1
classsphere-backend/services/metrics.go:270.26,272.3 1 0
