mode: set
classsphere-backend/auth/jwt.go:20.50,24.2 1 1
classsphere-backend/auth/jwt.go:26.97,39.2 3 1
classsphere-backend/auth/jwt.go:41.73,42.104 1 1
classsphere-backend/auth/jwt.go:42.104,43.58 1 1
classsphere-backend/auth/jwt.go:43.58,45.4 1 0
classsphere-backend/auth/jwt.go:46.3,46.26 1 1
classsphere-backend/auth/jwt.go:49.2,49.16 1 1
classsphere-backend/auth/jwt.go:49.16,51.3 1 1
classsphere-backend/auth/jwt.go:53.2,53.61 1 1
classsphere-backend/auth/jwt.go:53.61,55.3 1 1
classsphere-backend/auth/jwt.go:57.2,57.41 1 0
classsphere-backend/auth/jwt.go:60.98,62.16 2 1
classsphere-backend/auth/jwt.go:62.16,64.3 1 1
classsphere-backend/auth/jwt.go:66.2,66.65 1 1
classsphere-backend/auth/jwt.go:69.74,70.104 1 1
classsphere-backend/auth/jwt.go:70.104,71.58 1 1
classsphere-backend/auth/jwt.go:71.58,73.4 1 0
classsphere-backend/auth/jwt.go:74.3,74.26 1 1
classsphere-backend/auth/jwt.go:77.2,77.16 1 1
classsphere-backend/auth/jwt.go:77.16,79.3 1 1
classsphere-backend/auth/jwt.go:81.2,81.46 1 1
classsphere-backend/auth/jwt.go:81.46,83.3 1 1
classsphere-backend/auth/jwt.go:85.2,85.48 1 0
classsphere-backend/main.go:8.13,16.2 6 0
classsphere-backend/main.go:18.42,23.2 1 1
classsphere-backend/main.go:25.41,27.2 1 1
classsphere-backend/main.go:29.32,34.2 4 1
classsphere-backend/config/config.go:15.27,17.21 2 1
classsphere-backend/config/config.go:17.21,18.34 1 1
classsphere-backend/config/config.go:21.2,27.3 1 1
classsphere-backend/config/config.go:30.46,31.42 1 1
classsphere-backend/config/config.go:31.42,33.3 1 1
classsphere-backend/config/config.go:34.2,34.21 1 1
classsphere-backend/cache/redis.go:21.54,25.2 1 1
classsphere-backend/cache/redis.go:27.110,29.2 1 1
classsphere-backend/cache/redis.go:31.75,33.16 2 1
classsphere-backend/cache/redis.go:33.16,35.3 1 1
classsphere-backend/cache/redis.go:36.2,36.17 1 1
classsphere-backend/cache/redis.go:39.68,41.2 1 1
classsphere-backend/cache/redis.go:43.76,45.16 2 1
classsphere-backend/cache/redis.go:45.16,47.3 1 1
classsphere-backend/cache/redis.go:48.2,48.23 1 1
classsphere-backend/cache/redis.go:51.66,57.2 1 1
