mode: set
classsphere-backend/config/config.go:18.21,29.2 1 1
classsphere-backend/config/config.go:31.46,32.42 1 1
classsphere-backend/config/config.go:35.2,35.21 1 1
classsphere-backend/config/config.go:32.42,34.3 1 1
classsphere-backend/cache/redis.go:21.54,25.2 1 1
classsphere-backend/cache/redis.go:27.110,29.2 1 1
classsphere-backend/cache/redis.go:31.75,33.16 2 1
classsphere-backend/cache/redis.go:36.2,36.17 1 1
classsphere-backend/cache/redis.go:33.16,35.3 1 1
classsphere-backend/cache/redis.go:39.68,41.2 1 1
classsphere-backend/cache/redis.go:43.76,45.16 2 1
classsphere-backend/cache/redis.go:48.2,48.23 1 1
classsphere-backend/cache/redis.go:45.16,47.3 1 1
classsphere-backend/cache/redis.go:51.66,57.2 1 1
classsphere-backend/models/user.go:23.32,25.2 1 1
classsphere-backend/models/user.go:28.31,30.2 1 1
classsphere-backend/models/user.go:33.36,35.2 1 1
classsphere-backend/models/user.go:43.53,45.2 1 1
classsphere-backend/models/user.go:48.55,50.2 1 1
classsphere-backend/models/user.go:53.70,56.16 3 1
classsphere-backend/models/user.go:59.2,59.19 1 1
classsphere-backend/models/user.go:56.16,58.3 1 1
classsphere-backend/models/user.go:63.62,66.16 3 1
classsphere-backend/models/user.go:69.2,69.19 1 1
classsphere-backend/models/user.go:66.16,68.3 1 1
classsphere-backend/models/user.go:73.55,77.16 3 1
classsphere-backend/models/user.go:82.2,83.25 2 1
classsphere-backend/models/user.go:86.2,86.12 1 1
classsphere-backend/models/user.go:77.16,79.3 1 1
classsphere-backend/models/user.go:83.25,85.3 1 0
classsphere-backend/models/user.go:90.52,92.25 2 1
classsphere-backend/models/user.go:95.2,95.30 1 1
classsphere-backend/models/user.go:98.2,98.12 1 1
classsphere-backend/models/user.go:92.25,94.3 1 0
classsphere-backend/models/user.go:95.30,97.3 1 1
classsphere-backend/models/user.go:102.72,110.2 3 1
classsphere-backend/models/user.go:113.56,117.2 3 0
classsphere-backend/models/user.go:120.56,122.25 2 0
classsphere-backend/models/user.go:125.2,125.30 1 0
classsphere-backend/models/user.go:128.2,128.12 1 0
classsphere-backend/models/user.go:122.25,124.3 1 0
classsphere-backend/models/user.go:125.30,127.3 1 0
classsphere-backend/models/user.go:132.54,134.25 2 0
classsphere-backend/models/user.go:137.2,137.30 1 0
classsphere-backend/models/user.go:140.2,140.12 1 0
classsphere-backend/models/user.go:134.25,136.3 1 0
classsphere-backend/models/user.go:137.30,139.3 1 0
classsphere-backend/database/database.go:15.59,18.16 3 1
classsphere-backend/database/database.go:23.2,24.16 2 1
classsphere-backend/database/database.go:29.2,35.16 4 1
classsphere-backend/database/database.go:18.16,20.3 1 1
classsphere-backend/database/database.go:24.16,26.3 1 0
classsphere-backend/database/database.go:39.39,41.43 2 1
classsphere-backend/database/database.go:45.2,55.29 1 1
classsphere-backend/database/database.go:41.43,43.3 1 0
classsphere-backend/database/database.go:55.29,57.4 1 1
classsphere-backend/database/database.go:62.37,67.2 1 1
classsphere-backend/database/database.go:70.64,72.16 2 1
classsphere-backend/database/database.go:76.2,77.16 2 1
classsphere-backend/database/database.go:81.2,81.16 1 1
classsphere-backend/database/database.go:72.16,74.3 1 0
classsphere-backend/database/database.go:77.16,79.3 1 0
classsphere-backend/database/database.go:85.39,87.16 2 1
classsphere-backend/database/database.go:90.2,90.22 1 1
classsphere-backend/database/database.go:87.16,89.3 1 0
classsphere-backend/database/database.go:94.37,96.16 2 0
classsphere-backend/database/database.go:99.2,99.21 1 0
classsphere-backend/database/database.go:96.16,98.3 1 0
classsphere-backend/main.go:18.13,24.16 3 0
classsphere-backend/main.go:29.2,72.16 23 0
classsphere-backend/main.go:76.2,77.37 2 0
classsphere-backend/main.go:24.16,26.3 1 0
classsphere-backend/main.go:72.16,74.3 1 0
classsphere-backend/main.go:80.42,86.2 1 1
classsphere-backend/main.go:88.41,94.2 1 1
classsphere-backend/main.go:96.32,101.2 4 1
classsphere-backend/auth/password.go:11.52,14.2 2 1
classsphere-backend/auth/password.go:17.48,20.2 2 1
classsphere-backend/auth/password.go:23.54,24.23 1 1
classsphere-backend/auth/password.go:28.2,28.25 1 1
classsphere-backend/auth/password.go:33.2,36.16 3 1
classsphere-backend/auth/password.go:40.2,40.16 1 1
classsphere-backend/auth/password.go:45.2,51.37 3 1
classsphere-backend/auth/password.go:57.2,57.12 1 1
classsphere-backend/auth/password.go:24.23,26.3 1 1
classsphere-backend/auth/password.go:28.25,30.3 1 0
classsphere-backend/auth/password.go:36.16,38.3 1 1
classsphere-backend/auth/password.go:40.16,42.3 1 1
classsphere-backend/auth/password.go:51.37,52.32 1 1
classsphere-backend/auth/password.go:52.32,54.4 1 0
classsphere-backend/auth/password.go:61.57,62.16 1 0
classsphere-backend/auth/password.go:65.2,65.18 1 0
classsphere-backend/auth/password.go:69.2,74.26 3 0
classsphere-backend/auth/password.go:78.2,78.30 1 0
classsphere-backend/auth/password.go:62.16,64.3 1 0
classsphere-backend/auth/password.go:65.18,67.3 1 0
classsphere-backend/auth/password.go:74.26,76.3 1 0
classsphere-backend/auth/jwt.go:20.50,24.2 1 1
classsphere-backend/auth/jwt.go:26.97,39.2 3 1
classsphere-backend/auth/jwt.go:41.73,42.104 1 1
classsphere-backend/auth/jwt.go:49.2,49.16 1 1
classsphere-backend/auth/jwt.go:53.2,53.61 1 1
classsphere-backend/auth/jwt.go:57.2,57.41 1 0
classsphere-backend/auth/jwt.go:42.104,43.58 1 1
classsphere-backend/auth/jwt.go:46.3,46.26 1 1
classsphere-backend/auth/jwt.go:43.58,45.4 1 1
classsphere-backend/auth/jwt.go:49.16,51.3 1 1
classsphere-backend/auth/jwt.go:53.61,55.3 1 1
classsphere-backend/auth/jwt.go:60.98,62.16 2 1
classsphere-backend/auth/jwt.go:66.2,66.65 1 1
classsphere-backend/auth/jwt.go:62.16,64.3 1 1
classsphere-backend/auth/jwt.go:69.74,70.104 1 1
classsphere-backend/auth/jwt.go:77.2,77.16 1 1
classsphere-backend/auth/jwt.go:81.2,81.46 1 1
classsphere-backend/auth/jwt.go:85.2,85.48 1 0
classsphere-backend/auth/jwt.go:70.104,71.58 1 1
classsphere-backend/auth/jwt.go:74.3,74.26 1 1
classsphere-backend/auth/jwt.go:71.58,73.4 1 0
classsphere-backend/auth/jwt.go:77.16,79.3 1 1
classsphere-backend/auth/jwt.go:81.46,83.3 1 1
classsphere-backend/auth/middleware.go:11.64,12.54 1 1
classsphere-backend/auth/middleware.go:12.54,13.37 1 1
classsphere-backend/auth/middleware.go:13.37,16.24 2 1
classsphere-backend/auth/middleware.go:23.4,24.64 2 1
classsphere-backend/auth/middleware.go:31.4,33.18 3 1
classsphere-backend/auth/middleware.go:40.4,42.18 2 1
classsphere-backend/auth/middleware.go:16.24,20.5 1 1
classsphere-backend/auth/middleware.go:24.64,28.5 1 1
classsphere-backend/auth/middleware.go:33.18,37.5 1 1
classsphere-backend/auth/middleware.go:48.59,49.54 1 1
classsphere-backend/auth/middleware.go:49.54,50.37 1 1
classsphere-backend/auth/middleware.go:50.37,53.19 2 1
classsphere-backend/auth/middleware.go:60.4,61.11 2 1
classsphere-backend/auth/middleware.go:68.4,68.35 1 1
classsphere-backend/auth/middleware.go:74.4,74.18 1 1
classsphere-backend/auth/middleware.go:53.19,57.5 1 1
classsphere-backend/auth/middleware.go:61.11,65.5 1 0
classsphere-backend/auth/middleware.go:68.35,72.5 1 1
classsphere-backend/auth/middleware.go:80.53,82.17 2 0
classsphere-backend/auth/middleware.go:86.2,87.19 2 0
classsphere-backend/auth/middleware.go:82.17,84.3 1 0
classsphere-backend/handlers/auth.go:22.96,27.2 1 1
classsphere-backend/handlers/auth.go:72.54,74.37 2 1
classsphere-backend/handlers/auth.go:79.2,79.55 1 1
classsphere-backend/handlers/auth.go:84.2,85.39 2 1
classsphere-backend/handlers/auth.go:90.2,91.16 2 1
classsphere-backend/handlers/auth.go:96.2,104.52 2 1
classsphere-backend/handlers/auth.go:109.2,110.16 2 1
classsphere-backend/handlers/auth.go:114.2,125.45 2 1
classsphere-backend/handlers/auth.go:74.37,76.3 1 0
classsphere-backend/handlers/auth.go:79.55,81.3 1 1
classsphere-backend/handlers/auth.go:85.39,87.3 1 1
classsphere-backend/handlers/auth.go:91.16,93.3 1 0
classsphere-backend/handlers/auth.go:104.52,106.3 1 0
classsphere-backend/handlers/auth.go:110.16,112.3 1 0
classsphere-backend/handlers/auth.go:129.51,131.37 2 1
classsphere-backend/handlers/auth.go:136.2,136.52 1 1
classsphere-backend/handlers/auth.go:141.2,142.16 2 1
classsphere-backend/handlers/auth.go:147.2,147.54 1 1
classsphere-backend/handlers/auth.go:152.2,153.16 2 1
classsphere-backend/handlers/auth.go:157.2,168.40 2 1
classsphere-backend/handlers/auth.go:131.37,133.3 1 0
classsphere-backend/handlers/auth.go:136.52,138.3 1 1
classsphere-backend/handlers/auth.go:142.16,144.3 1 1
classsphere-backend/handlers/auth.go:147.54,149.3 1 1
classsphere-backend/handlers/auth.go:153.16,155.3 1 0
classsphere-backend/handlers/auth.go:172.56,175.9 2 1
classsphere-backend/handlers/auth.go:180.2,181.16 2 1
classsphere-backend/handlers/auth.go:186.2,187.16 2 1
classsphere-backend/handlers/auth.go:191.2,199.40 2 1
classsphere-backend/handlers/auth.go:175.9,177.3 1 1
classsphere-backend/handlers/auth.go:181.16,183.3 1 0
classsphere-backend/handlers/auth.go:187.16,189.3 1 0
classsphere-backend/handlers/auth.go:203.58,205.37 2 1
classsphere-backend/handlers/auth.go:210.2,211.16 2 1
classsphere-backend/handlers/auth.go:215.2,219.40 2 1
classsphere-backend/handlers/auth.go:205.37,207.3 1 0
classsphere-backend/handlers/auth.go:211.16,213.3 1 1
classsphere-backend/handlers/auth.go:223.74,224.21 1 1
classsphere-backend/handlers/auth.go:228.2,228.32 1 1
classsphere-backend/handlers/auth.go:232.2,232.20 1 1
classsphere-backend/handlers/auth.go:236.2,236.23 1 1
classsphere-backend/handlers/auth.go:241.2,241.68 1 1
classsphere-backend/handlers/auth.go:245.2,245.12 1 1
classsphere-backend/handlers/auth.go:224.21,226.3 1 1
classsphere-backend/handlers/auth.go:228.32,230.3 1 1
classsphere-backend/handlers/auth.go:232.20,234.3 1 1
classsphere-backend/handlers/auth.go:236.23,238.3 1 0
classsphere-backend/handlers/auth.go:241.68,243.3 1 1
classsphere-backend/handlers/auth.go:248.68,249.21 1 1
classsphere-backend/handlers/auth.go:253.2,253.24 1 1
classsphere-backend/handlers/auth.go:257.2,257.12 1 1
classsphere-backend/handlers/auth.go:249.21,251.3 1 1
classsphere-backend/handlers/auth.go:253.24,255.3 1 1
classsphere-backend/handlers/auth.go:260.55,263.2 2 1
